[0.025s] Invoking command in '/home/jacob/MTRN4231_sandwich_assembler/burger_assembler/burger_assembler/build/custom_interface': CMAKE_PREFIX_PATH=${CMAKE_PREFIX_PATH}:/opt/ros/humble /usr/bin/cmake --build /home/jacob/MTRN4231_sandwich_assembler/burger_assembler/burger_assembler/build/custom_interface -- -j8 -l8
[0.114s] [35m[1mConsolidate compiler generated dependencies of target custom_interface__rosidl_generator_c[0m
[0.144s] [  3%] Built target custom_interface__cpp
[0.152s] [ 12%] Built target custom_interface__rosidl_generator_c
[0.176s] [ 12%] Built target ament_cmake_python_copy_custom_interface
[0.180s] [35m[1mConsolidate compiler generated dependencies of target custom_interface__rosidl_typesupport_cpp[0m
[0.181s] [35m[1mConsolidate compiler generated dependencies of target custom_interface__rosidl_typesupport_fastrtps_cpp[0m
[0.182s] [35m[1mConsolidate compiler generated dependencies of target custom_interface__rosidl_typesupport_introspection_cpp[0m
[0.187s] [35m[1mConsolidate compiler generated dependencies of target custom_interface__rosidl_typesupport_c[0m
[0.188s] [35m[1mConsolidate compiler generated dependencies of target custom_interface__rosidl_typesupport_introspection_c[0m
[0.190s] [35m[1mConsolidate compiler generated dependencies of target custom_interface__rosidl_typesupport_fastrtps_c[0m
[0.223s] [ 22%] Built target custom_interface__rosidl_typesupport_cpp
[0.224s] [ 32%] Built target custom_interface__rosidl_typesupport_introspection_c
[0.225s] [ 41%] Built target custom_interface__rosidl_typesupport_introspection_cpp
[0.229s] [ 51%] Built target custom_interface__rosidl_typesupport_fastrtps_cpp
[0.234s] [ 61%] Built target custom_interface__rosidl_typesupport_c
[0.238s] [ 70%] Built target custom_interface__rosidl_typesupport_fastrtps_c
[0.283s] [ 70%] Built target custom_interface
[0.330s] [ 74%] Built target custom_interface__py
[0.352s] [35m[1mConsolidate compiler generated dependencies of target custom_interface__rosidl_generator_py[0m
[0.378s] [ 80%] Built target custom_interface__rosidl_generator_py
[0.401s] [35m[1mConsolidate compiler generated dependencies of target custom_interface__rosidl_typesupport_fastrtps_c__pyext[0m
[0.401s] [35m[1mConsolidate compiler generated dependencies of target custom_interface__rosidl_typesupport_introspection_c__pyext[0m
[0.402s] [35m[1mConsolidate compiler generated dependencies of target custom_interface__rosidl_typesupport_c__pyext[0m
[0.430s] [ 87%] Built target custom_interface__rosidl_typesupport_introspection_c__pyext
[0.435s] [ 93%] Built target custom_interface__rosidl_typesupport_fastrtps_c__pyext
[0.436s] [100%] Built target custom_interface__rosidl_typesupport_c__pyext
[0.770s] running egg_info
[0.816s] writing custom_interface.egg-info/PKG-INFO
[0.817s] writing dependency_links to custom_interface.egg-info/dependency_links.txt
[0.818s] writing top-level names to custom_interface.egg-info/top_level.txt
[0.979s] reading manifest file 'custom_interface.egg-info/SOURCES.txt'
[0.981s] writing manifest file 'custom_interface.egg-info/SOURCES.txt'
[1.042s] [100%] Built target ament_cmake_python_build_custom_interface_egg
[1.067s] Invoked command in '/home/jacob/MTRN4231_sandwich_assembler/burger_assembler/burger_assembler/build/custom_interface' returned '0': CMAKE_PREFIX_PATH=${CMAKE_PREFIX_PATH}:/opt/ros/humble /usr/bin/cmake --build /home/jacob/MTRN4231_sandwich_assembler/burger_assembler/burger_assembler/build/custom_interface -- -j8 -l8
[1.086s] Invoking command in '/home/jacob/MTRN4231_sandwich_assembler/burger_assembler/burger_assembler/build/custom_interface': CMAKE_PREFIX_PATH=${CMAKE_PREFIX_PATH}:/opt/ros/humble /usr/bin/cmake --install /home/jacob/MTRN4231_sandwich_assembler/burger_assembler/burger_assembler/build/custom_interface
[1.103s] -- Install configuration: ""
[1.104s] -- Up-to-date: /home/jacob/MTRN4231_sandwich_assembler/burger_assembler/burger_assembler/install/custom_interface/share/ament_index/resource_index/rosidl_interfaces/custom_interface
[1.104s] -- Up-to-date: /home/jacob/MTRN4231_sandwich_assembler/burger_assembler/burger_assembler/install/custom_interface/include/custom_interface/custom_interface
[1.104s] -- Up-to-date: /home/jacob/MTRN4231_sandwich_assembler/burger_assembler/burger_assembler/install/custom_interface/include/custom_interface/custom_interface/msg
[1.104s] -- Up-to-date: /home/jacob/MTRN4231_sandwich_assembler/burger_assembler/burger_assembler/install/custom_interface/include/custom_interface/custom_interface/msg/rosidl_generator_c__visibility_control.h
[1.105s] -- Up-to-date: /home/jacob/MTRN4231_sandwich_assembler/burger_assembler/burger_assembler/install/custom_interface/include/custom_interface/custom_interface/srv
[1.105s] -- Up-to-date: /home/jacob/MTRN4231_sandwich_assembler/burger_assembler/burger_assembler/install/custom_interface/include/custom_interface/custom_interface/srv/movement_request.h
[1.105s] -- Up-to-date: /home/jacob/MTRN4231_sandwich_assembler/burger_assembler/burger_assembler/install/custom_interface/include/custom_interface/custom_interface/srv/detail
[1.105s] -- Up-to-date: /home/jacob/MTRN4231_sandwich_assembler/burger_assembler/burger_assembler/install/custom_interface/include/custom_interface/custom_interface/srv/detail/movement_request__struct.h
[1.105s] -- Up-to-date: /home/jacob/MTRN4231_sandwich_assembler/burger_assembler/burger_assembler/install/custom_interface/include/custom_interface/custom_interface/srv/detail/movement_request__functions.h
[1.105s] -- Up-to-date: /home/jacob/MTRN4231_sandwich_assembler/burger_assembler/burger_assembler/install/custom_interface/include/custom_interface/custom_interface/srv/detail/movement_request__functions.c
[1.106s] -- Up-to-date: /home/jacob/MTRN4231_sandwich_assembler/burger_assembler/burger_assembler/install/custom_interface/include/custom_interface/custom_interface/srv/detail/movement_request__type_support.h
[1.106s] -- Up-to-date: /home/jacob/MTRN4231_sandwich_assembler/burger_assembler/burger_assembler/install/custom_interface/share/custom_interface/environment/library_path.sh
[1.106s] -- Up-to-date: /home/jacob/MTRN4231_sandwich_assembler/burger_assembler/burger_assembler/install/custom_interface/share/custom_interface/environment/library_path.dsv
[1.106s] -- Up-to-date: /home/jacob/MTRN4231_sandwich_assembler/burger_assembler/burger_assembler/install/custom_interface/lib/libcustom_interface__rosidl_generator_c.so
[1.106s] -- Up-to-date: /home/jacob/MTRN4231_sandwich_assembler/burger_assembler/burger_assembler/install/custom_interface/include/custom_interface/custom_interface
[1.106s] -- Up-to-date: /home/jacob/MTRN4231_sandwich_assembler/burger_assembler/burger_assembler/install/custom_interface/include/custom_interface/custom_interface/msg
[1.106s] -- Up-to-date: /home/jacob/MTRN4231_sandwich_assembler/burger_assembler/burger_assembler/install/custom_interface/include/custom_interface/custom_interface/msg/rosidl_typesupport_fastrtps_c__visibility_control.h
[1.107s] -- Up-to-date: /home/jacob/MTRN4231_sandwich_assembler/burger_assembler/burger_assembler/install/custom_interface/include/custom_interface/custom_interface/srv
[1.107s] -- Up-to-date: /home/jacob/MTRN4231_sandwich_assembler/burger_assembler/burger_assembler/install/custom_interface/include/custom_interface/custom_interface/srv/detail
[1.107s] -- Up-to-date: /home/jacob/MTRN4231_sandwich_assembler/burger_assembler/burger_assembler/install/custom_interface/include/custom_interface/custom_interface/srv/detail/movement_request__rosidl_typesupport_fastrtps_c.h
[1.107s] -- Up-to-date: /home/jacob/MTRN4231_sandwich_assembler/burger_assembler/burger_assembler/install/custom_interface/lib/libcustom_interface__rosidl_typesupport_fastrtps_c.so
[1.107s] -- Up-to-date: /home/jacob/MTRN4231_sandwich_assembler/burger_assembler/burger_assembler/install/custom_interface/include/custom_interface/custom_interface
[1.107s] -- Up-to-date: /home/jacob/MTRN4231_sandwich_assembler/burger_assembler/burger_assembler/install/custom_interface/include/custom_interface/custom_interface/msg
[1.108s] -- Up-to-date: /home/jacob/MTRN4231_sandwich_assembler/burger_assembler/burger_assembler/install/custom_interface/include/custom_interface/custom_interface/msg/rosidl_generator_cpp__visibility_control.hpp
[1.108s] -- Up-to-date: /home/jacob/MTRN4231_sandwich_assembler/burger_assembler/burger_assembler/install/custom_interface/include/custom_interface/custom_interface/srv
[1.108s] -- Up-to-date: /home/jacob/MTRN4231_sandwich_assembler/burger_assembler/burger_assembler/install/custom_interface/include/custom_interface/custom_interface/srv/movement_request.hpp
[1.108s] -- Up-to-date: /home/jacob/MTRN4231_sandwich_assembler/burger_assembler/burger_assembler/install/custom_interface/include/custom_interface/custom_interface/srv/detail
[1.108s] -- Up-to-date: /home/jacob/MTRN4231_sandwich_assembler/burger_assembler/burger_assembler/install/custom_interface/include/custom_interface/custom_interface/srv/detail/movement_request__type_support.hpp
[1.108s] -- Up-to-date: /home/jacob/MTRN4231_sandwich_assembler/burger_assembler/burger_assembler/install/custom_interface/include/custom_interface/custom_interface/srv/detail/movement_request__struct.hpp
[1.108s] -- Up-to-date: /home/jacob/MTRN4231_sandwich_assembler/burger_assembler/burger_assembler/install/custom_interface/include/custom_interface/custom_interface/srv/detail/movement_request__builder.hpp
[1.108s] -- Up-to-date: /home/jacob/MTRN4231_sandwich_assembler/burger_assembler/burger_assembler/install/custom_interface/include/custom_interface/custom_interface/srv/detail/movement_request__traits.hpp
[1.109s] -- Up-to-date: /home/jacob/MTRN4231_sandwich_assembler/burger_assembler/burger_assembler/install/custom_interface/include/custom_interface/custom_interface
[1.109s] -- Up-to-date: /home/jacob/MTRN4231_sandwich_assembler/burger_assembler/burger_assembler/install/custom_interface/include/custom_interface/custom_interface/msg
[1.109s] -- Up-to-date: /home/jacob/MTRN4231_sandwich_assembler/burger_assembler/burger_assembler/install/custom_interface/include/custom_interface/custom_interface/msg/rosidl_typesupport_fastrtps_cpp__visibility_control.h
[1.109s] -- Up-to-date: /home/jacob/MTRN4231_sandwich_assembler/burger_assembler/burger_assembler/install/custom_interface/include/custom_interface/custom_interface/srv
[1.109s] -- Up-to-date: /home/jacob/MTRN4231_sandwich_assembler/burger_assembler/burger_assembler/install/custom_interface/include/custom_interface/custom_interface/srv/detail
[1.109s] -- Up-to-date: /home/jacob/MTRN4231_sandwich_assembler/burger_assembler/burger_assembler/install/custom_interface/include/custom_interface/custom_interface/srv/detail/movement_request__rosidl_typesupport_fastrtps_cpp.hpp
[1.109s] -- Up-to-date: /home/jacob/MTRN4231_sandwich_assembler/burger_assembler/burger_assembler/install/custom_interface/include/custom_interface/custom_interface/srv/detail/dds_fastrtps
[1.110s] -- Up-to-date: /home/jacob/MTRN4231_sandwich_assembler/burger_assembler/burger_assembler/install/custom_interface/lib/libcustom_interface__rosidl_typesupport_fastrtps_cpp.so
[1.110s] -- Up-to-date: /home/jacob/MTRN4231_sandwich_assembler/burger_assembler/burger_assembler/install/custom_interface/include/custom_interface/custom_interface
[1.110s] -- Up-to-date: /home/jacob/MTRN4231_sandwich_assembler/burger_assembler/burger_assembler/install/custom_interface/include/custom_interface/custom_interface/msg
[1.110s] -- Up-to-date: /home/jacob/MTRN4231_sandwich_assembler/burger_assembler/burger_assembler/install/custom_interface/include/custom_interface/custom_interface/msg/rosidl_typesupport_introspection_c__visibility_control.h
[1.110s] -- Up-to-date: /home/jacob/MTRN4231_sandwich_assembler/burger_assembler/burger_assembler/install/custom_interface/include/custom_interface/custom_interface/srv
[1.110s] -- Up-to-date: /home/jacob/MTRN4231_sandwich_assembler/burger_assembler/burger_assembler/install/custom_interface/include/custom_interface/custom_interface/srv/detail
[1.110s] -- Up-to-date: /home/jacob/MTRN4231_sandwich_assembler/burger_assembler/burger_assembler/install/custom_interface/include/custom_interface/custom_interface/srv/detail/movement_request__rosidl_typesupport_introspection_c.h
[1.110s] -- Up-to-date: /home/jacob/MTRN4231_sandwich_assembler/burger_assembler/burger_assembler/install/custom_interface/include/custom_interface/custom_interface/srv/detail/movement_request__type_support.c
[1.111s] -- Up-to-date: /home/jacob/MTRN4231_sandwich_assembler/burger_assembler/burger_assembler/install/custom_interface/lib/libcustom_interface__rosidl_typesupport_introspection_c.so
[1.111s] -- Up-to-date: /home/jacob/MTRN4231_sandwich_assembler/burger_assembler/burger_assembler/install/custom_interface/lib/libcustom_interface__rosidl_typesupport_c.so
[1.111s] -- Up-to-date: /home/jacob/MTRN4231_sandwich_assembler/burger_assembler/burger_assembler/install/custom_interface/include/custom_interface/custom_interface
[1.111s] -- Up-to-date: /home/jacob/MTRN4231_sandwich_assembler/burger_assembler/burger_assembler/install/custom_interface/include/custom_interface/custom_interface/srv
[1.111s] -- Up-to-date: /home/jacob/MTRN4231_sandwich_assembler/burger_assembler/burger_assembler/install/custom_interface/include/custom_interface/custom_interface/srv/detail
[1.111s] -- Up-to-date: /home/jacob/MTRN4231_sandwich_assembler/burger_assembler/burger_assembler/install/custom_interface/include/custom_interface/custom_interface/srv/detail/movement_request__rosidl_typesupport_introspection_cpp.hpp
[1.111s] -- Up-to-date: /home/jacob/MTRN4231_sandwich_assembler/burger_assembler/burger_assembler/install/custom_interface/include/custom_interface/custom_interface/srv/detail/movement_request__type_support.cpp
[1.112s] -- Up-to-date: /home/jacob/MTRN4231_sandwich_assembler/burger_assembler/burger_assembler/install/custom_interface/lib/libcustom_interface__rosidl_typesupport_introspection_cpp.so
[1.112s] -- Up-to-date: /home/jacob/MTRN4231_sandwich_assembler/burger_assembler/burger_assembler/install/custom_interface/lib/libcustom_interface__rosidl_typesupport_cpp.so
[1.112s] -- Up-to-date: /home/jacob/MTRN4231_sandwich_assembler/burger_assembler/burger_assembler/install/custom_interface/share/custom_interface/environment/pythonpath.sh
[1.112s] -- Up-to-date: /home/jacob/MTRN4231_sandwich_assembler/burger_assembler/burger_assembler/install/custom_interface/share/custom_interface/environment/pythonpath.dsv
[1.113s] -- Up-to-date: /home/jacob/MTRN4231_sandwich_assembler/burger_assembler/burger_assembler/install/custom_interface/local/lib/python3.10/dist-packages/custom_interface-0.0.0-py3.10.egg-info
[1.113s] -- Installing: /home/jacob/MTRN4231_sandwich_assembler/burger_assembler/burger_assembler/install/custom_interface/local/lib/python3.10/dist-packages/custom_interface-0.0.0-py3.10.egg-info/SOURCES.txt
[1.113s] -- Installing: /home/jacob/MTRN4231_sandwich_assembler/burger_assembler/burger_assembler/install/custom_interface/local/lib/python3.10/dist-packages/custom_interface-0.0.0-py3.10.egg-info/dependency_links.txt
[1.113s] -- Installing: /home/jacob/MTRN4231_sandwich_assembler/burger_assembler/burger_assembler/install/custom_interface/local/lib/python3.10/dist-packages/custom_interface-0.0.0-py3.10.egg-info/top_level.txt
[1.114s] -- Installing: /home/jacob/MTRN4231_sandwich_assembler/burger_assembler/burger_assembler/install/custom_interface/local/lib/python3.10/dist-packages/custom_interface-0.0.0-py3.10.egg-info/PKG-INFO
[1.115s] -- Up-to-date: /home/jacob/MTRN4231_sandwich_assembler/burger_assembler/burger_assembler/install/custom_interface/local/lib/python3.10/dist-packages/custom_interface
[1.115s] -- Up-to-date: /home/jacob/MTRN4231_sandwich_assembler/burger_assembler/burger_assembler/install/custom_interface/local/lib/python3.10/dist-packages/custom_interface/_custom_interface_s.ep.rosidl_typesupport_c.c
[1.115s] -- Up-to-date: /home/jacob/MTRN4231_sandwich_assembler/burger_assembler/burger_assembler/install/custom_interface/local/lib/python3.10/dist-packages/custom_interface/_custom_interface_s.ep.rosidl_typesupport_introspection_c.c
[1.115s] -- Up-to-date: /home/jacob/MTRN4231_sandwich_assembler/burger_assembler/burger_assembler/install/custom_interface/local/lib/python3.10/dist-packages/custom_interface/custom_interface_s__rosidl_typesupport_introspection_c.cpython-310-x86_64-linux-gnu.so
[1.115s] -- Up-to-date: /home/jacob/MTRN4231_sandwich_assembler/burger_assembler/burger_assembler/install/custom_interface/local/lib/python3.10/dist-packages/custom_interface/_custom_interface_s.ep.rosidl_typesupport_fastrtps_c.c
[1.116s] -- Up-to-date: /home/jacob/MTRN4231_sandwich_assembler/burger_assembler/burger_assembler/install/custom_interface/local/lib/python3.10/dist-packages/custom_interface/__init__.py
[1.116s] -- Up-to-date: /home/jacob/MTRN4231_sandwich_assembler/burger_assembler/burger_assembler/install/custom_interface/local/lib/python3.10/dist-packages/custom_interface/custom_interface_s__rosidl_typesupport_fastrtps_c.cpython-310-x86_64-linux-gnu.so
[1.116s] -- Up-to-date: /home/jacob/MTRN4231_sandwich_assembler/burger_assembler/burger_assembler/install/custom_interface/local/lib/python3.10/dist-packages/custom_interface/libcustom_interface__rosidl_generator_py.so
[1.116s] -- Up-to-date: /home/jacob/MTRN4231_sandwich_assembler/burger_assembler/burger_assembler/install/custom_interface/local/lib/python3.10/dist-packages/custom_interface/custom_interface_s__rosidl_typesupport_c.cpython-310-x86_64-linux-gnu.so
[1.116s] -- Up-to-date: /home/jacob/MTRN4231_sandwich_assembler/burger_assembler/burger_assembler/install/custom_interface/local/lib/python3.10/dist-packages/custom_interface/srv
[1.117s] -- Up-to-date: /home/jacob/MTRN4231_sandwich_assembler/burger_assembler/burger_assembler/install/custom_interface/local/lib/python3.10/dist-packages/custom_interface/srv/_movement_request_s.c
[1.117s] -- Up-to-date: /home/jacob/MTRN4231_sandwich_assembler/burger_assembler/burger_assembler/install/custom_interface/local/lib/python3.10/dist-packages/custom_interface/srv/__init__.py
[1.117s] -- Up-to-date: /home/jacob/MTRN4231_sandwich_assembler/burger_assembler/burger_assembler/install/custom_interface/local/lib/python3.10/dist-packages/custom_interface/srv/_movement_request.py
[1.182s] Listing '/home/jacob/MTRN4231_sandwich_assembler/burger_assembler/burger_assembler/install/custom_interface/local/lib/python3.10/dist-packages/custom_interface'...
[1.183s] Listing '/home/jacob/MTRN4231_sandwich_assembler/burger_assembler/burger_assembler/install/custom_interface/local/lib/python3.10/dist-packages/custom_interface/srv'...
[1.194s] -- Up-to-date: /home/jacob/MTRN4231_sandwich_assembler/burger_assembler/burger_assembler/install/custom_interface/local/lib/python3.10/dist-packages/custom_interface/custom_interface_s__rosidl_typesupport_fastrtps_c.cpython-310-x86_64-linux-gnu.so
[1.196s] -- Up-to-date: /home/jacob/MTRN4231_sandwich_assembler/burger_assembler/burger_assembler/install/custom_interface/local/lib/python3.10/dist-packages/custom_interface/custom_interface_s__rosidl_typesupport_introspection_c.cpython-310-x86_64-linux-gnu.so
[1.197s] -- Up-to-date: /home/jacob/MTRN4231_sandwich_assembler/burger_assembler/burger_assembler/install/custom_interface/local/lib/python3.10/dist-packages/custom_interface/custom_interface_s__rosidl_typesupport_c.cpython-310-x86_64-linux-gnu.so
[1.198s] -- Up-to-date: /home/jacob/MTRN4231_sandwich_assembler/burger_assembler/burger_assembler/install/custom_interface/lib/libcustom_interface__rosidl_generator_py.so
[1.199s] -- Up-to-date: /home/jacob/MTRN4231_sandwich_assembler/burger_assembler/burger_assembler/install/custom_interface/share/custom_interface/srv/MovementRequest.idl
[1.199s] -- Up-to-date: /home/jacob/MTRN4231_sandwich_assembler/burger_assembler/burger_assembler/install/custom_interface/share/custom_interface/srv/MovementRequest.srv
[1.199s] -- Up-to-date: /home/jacob/MTRN4231_sandwich_assembler/burger_assembler/burger_assembler/install/custom_interface/share/custom_interface/srv/MovementRequest_Request.msg
[1.199s] -- Up-to-date: /home/jacob/MTRN4231_sandwich_assembler/burger_assembler/burger_assembler/install/custom_interface/share/custom_interface/srv/MovementRequest_Response.msg
[1.200s] -- Up-to-date: /home/jacob/MTRN4231_sandwich_assembler/burger_assembler/burger_assembler/install/custom_interface/share/ament_index/resource_index/package_run_dependencies/custom_interface
[1.200s] -- Up-to-date: /home/jacob/MTRN4231_sandwich_assembler/burger_assembler/burger_assembler/install/custom_interface/share/ament_index/resource_index/parent_prefix_path/custom_interface
[1.200s] -- Up-to-date: /home/jacob/MTRN4231_sandwich_assembler/burger_assembler/burger_assembler/install/custom_interface/share/custom_interface/environment/ament_prefix_path.sh
[1.201s] -- Up-to-date: /home/jacob/MTRN4231_sandwich_assembler/burger_assembler/burger_assembler/install/custom_interface/share/custom_interface/environment/ament_prefix_path.dsv
[1.201s] -- Up-to-date: /home/jacob/MTRN4231_sandwich_assembler/burger_assembler/burger_assembler/install/custom_interface/share/custom_interface/environment/path.sh
[1.201s] -- Up-to-date: /home/jacob/MTRN4231_sandwich_assembler/burger_assembler/burger_assembler/install/custom_interface/share/custom_interface/environment/path.dsv
[1.201s] -- Up-to-date: /home/jacob/MTRN4231_sandwich_assembler/burger_assembler/burger_assembler/install/custom_interface/share/custom_interface/local_setup.bash
[1.201s] -- Up-to-date: /home/jacob/MTRN4231_sandwich_assembler/burger_assembler/burger_assembler/install/custom_interface/share/custom_interface/local_setup.sh
[1.202s] -- Up-to-date: /home/jacob/MTRN4231_sandwich_assembler/burger_assembler/burger_assembler/install/custom_interface/share/custom_interface/local_setup.zsh
[1.202s] -- Up-to-date: /home/jacob/MTRN4231_sandwich_assembler/burger_assembler/burger_assembler/install/custom_interface/share/custom_interface/local_setup.dsv
[1.202s] -- Installing: /home/jacob/MTRN4231_sandwich_assembler/burger_assembler/burger_assembler/install/custom_interface/share/custom_interface/package.dsv
[1.203s] -- Up-to-date: /home/jacob/MTRN4231_sandwich_assembler/burger_assembler/burger_assembler/install/custom_interface/share/ament_index/resource_index/packages/custom_interface
[1.203s] -- Up-to-date: /home/jacob/MTRN4231_sandwich_assembler/burger_assembler/burger_assembler/install/custom_interface/share/custom_interface/cmake/export_custom_interface__rosidl_generator_cExport.cmake
[1.203s] -- Up-to-date: /home/jacob/MTRN4231_sandwich_assembler/burger_assembler/burger_assembler/install/custom_interface/share/custom_interface/cmake/export_custom_interface__rosidl_generator_cExport-noconfig.cmake
[1.204s] -- Up-to-date: /home/jacob/MTRN4231_sandwich_assembler/burger_assembler/burger_assembler/install/custom_interface/share/custom_interface/cmake/export_custom_interface__rosidl_typesupport_fastrtps_cExport.cmake
[1.204s] -- Up-to-date: /home/jacob/MTRN4231_sandwich_assembler/burger_assembler/burger_assembler/install/custom_interface/share/custom_interface/cmake/export_custom_interface__rosidl_typesupport_fastrtps_cExport-noconfig.cmake
[1.204s] -- Up-to-date: /home/jacob/MTRN4231_sandwich_assembler/burger_assembler/burger_assembler/install/custom_interface/share/custom_interface/cmake/export_custom_interface__rosidl_generator_cppExport.cmake
[1.204s] -- Up-to-date: /home/jacob/MTRN4231_sandwich_assembler/burger_assembler/burger_assembler/install/custom_interface/share/custom_interface/cmake/export_custom_interface__rosidl_typesupport_fastrtps_cppExport.cmake
[1.205s] -- Up-to-date: /home/jacob/MTRN4231_sandwich_assembler/burger_assembler/burger_assembler/install/custom_interface/share/custom_interface/cmake/export_custom_interface__rosidl_typesupport_fastrtps_cppExport-noconfig.cmake
[1.205s] -- Up-to-date: /home/jacob/MTRN4231_sandwich_assembler/burger_assembler/burger_assembler/install/custom_interface/share/custom_interface/cmake/custom_interface__rosidl_typesupport_introspection_cExport.cmake
[1.205s] -- Up-to-date: /home/jacob/MTRN4231_sandwich_assembler/burger_assembler/burger_assembler/install/custom_interface/share/custom_interface/cmake/custom_interface__rosidl_typesupport_introspection_cExport-noconfig.cmake
[1.205s] -- Up-to-date: /home/jacob/MTRN4231_sandwich_assembler/burger_assembler/burger_assembler/install/custom_interface/share/custom_interface/cmake/custom_interface__rosidl_typesupport_cExport.cmake
[1.205s] -- Up-to-date: /home/jacob/MTRN4231_sandwich_assembler/burger_assembler/burger_assembler/install/custom_interface/share/custom_interface/cmake/custom_interface__rosidl_typesupport_cExport-noconfig.cmake
[1.205s] -- Up-to-date: /home/jacob/MTRN4231_sandwich_assembler/burger_assembler/burger_assembler/install/custom_interface/share/custom_interface/cmake/custom_interface__rosidl_typesupport_introspection_cppExport.cmake
[1.205s] -- Up-to-date: /home/jacob/MTRN4231_sandwich_assembler/burger_assembler/burger_assembler/install/custom_interface/share/custom_interface/cmake/custom_interface__rosidl_typesupport_introspection_cppExport-noconfig.cmake
[1.205s] -- Up-to-date: /home/jacob/MTRN4231_sandwich_assembler/burger_assembler/burger_assembler/install/custom_interface/share/custom_interface/cmake/custom_interface__rosidl_typesupport_cppExport.cmake
[1.205s] -- Up-to-date: /home/jacob/MTRN4231_sandwich_assembler/burger_assembler/burger_assembler/install/custom_interface/share/custom_interface/cmake/custom_interface__rosidl_typesupport_cppExport-noconfig.cmake
[1.206s] -- Up-to-date: /home/jacob/MTRN4231_sandwich_assembler/burger_assembler/burger_assembler/install/custom_interface/share/custom_interface/cmake/export_custom_interface__rosidl_generator_pyExport.cmake
[1.206s] -- Up-to-date: /home/jacob/MTRN4231_sandwich_assembler/burger_assembler/burger_assembler/install/custom_interface/share/custom_interface/cmake/export_custom_interface__rosidl_generator_pyExport-noconfig.cmake
[1.206s] -- Up-to-date: /home/jacob/MTRN4231_sandwich_assembler/burger_assembler/burger_assembler/install/custom_interface/share/custom_interface/cmake/rosidl_cmake-extras.cmake
[1.206s] -- Up-to-date: /home/jacob/MTRN4231_sandwich_assembler/burger_assembler/burger_assembler/install/custom_interface/share/custom_interface/cmake/ament_cmake_export_dependencies-extras.cmake
[1.206s] -- Up-to-date: /home/jacob/MTRN4231_sandwich_assembler/burger_assembler/burger_assembler/install/custom_interface/share/custom_interface/cmake/ament_cmake_export_include_directories-extras.cmake
[1.206s] -- Up-to-date: /home/jacob/MTRN4231_sandwich_assembler/burger_assembler/burger_assembler/install/custom_interface/share/custom_interface/cmake/ament_cmake_export_libraries-extras.cmake
[1.206s] -- Up-to-date: /home/jacob/MTRN4231_sandwich_assembler/burger_assembler/burger_assembler/install/custom_interface/share/custom_interface/cmake/ament_cmake_export_targets-extras.cmake
[1.206s] -- Up-to-date: /home/jacob/MTRN4231_sandwich_assembler/burger_assembler/burger_assembler/install/custom_interface/share/custom_interface/cmake/rosidl_cmake_export_typesupport_targets-extras.cmake
[1.206s] -- Up-to-date: /home/jacob/MTRN4231_sandwich_assembler/burger_assembler/burger_assembler/install/custom_interface/share/custom_interface/cmake/rosidl_cmake_export_typesupport_libraries-extras.cmake
[1.206s] -- Up-to-date: /home/jacob/MTRN4231_sandwich_assembler/burger_assembler/burger_assembler/install/custom_interface/share/custom_interface/cmake/custom_interfaceConfig.cmake
[1.206s] -- Up-to-date: /home/jacob/MTRN4231_sandwich_assembler/burger_assembler/burger_assembler/install/custom_interface/share/custom_interface/cmake/custom_interfaceConfig-version.cmake
[1.207s] -- Up-to-date: /home/jacob/MTRN4231_sandwich_assembler/burger_assembler/burger_assembler/install/custom_interface/share/custom_interface/package.xml
[1.209s] Invoked command in '/home/jacob/MTRN4231_sandwich_assembler/burger_assembler/burger_assembler/build/custom_interface' returned '0': CMAKE_PREFIX_PATH=${CMAKE_PREFIX_PATH}:/opt/ros/humble /usr/bin/cmake --install /home/jacob/MTRN4231_sandwich_assembler/burger_assembler/burger_assembler/build/custom_interface
