[0.019s] Invoking command in '/home/jacob/MTRN4231_sandwich_assembler/burger_assembler/burger_assembler/build/custom_interface': CMAKE_PREFIX_PATH=${CMAKE_PREFIX_PATH}:/opt/ros/humble /usr/bin/cmake /home/jacob/MTRN4231_sandwich_assembler/burger_assembler/burger_assembler/src/custom_interface -DCMAKE_INSTALL_PREFIX=/home/jacob/MTRN4231_sandwich_assembler/burger_assembler/burger_assembler/install/custom_interface
[0.142s] -- The C compiler identification is GNU 11.4.0
[0.268s] -- The CXX compiler identification is GNU 11.4.0
[0.287s] -- Detecting C compiler ABI info
[0.431s] -- Detecting C compiler ABI info - done
[0.451s] -- Check for working C compiler: /usr/bin/cc - skipped
[0.451s] -- Detecting C compile features
[0.452s] -- Detecting C compile features - done
[0.457s] -- Detecting CXX compiler ABI info
[0.629s] -- Detecting CXX compiler ABI info - done
[0.650s] -- Check for working CXX compiler: /usr/bin/c++ - skipped
[0.651s] -- Detecting CXX compile features
[0.652s] -- Detecting CXX compile features - done
[0.658s] -- Found ament_cmake: 1.3.12 (/opt/ros/humble/share/ament_cmake/cmake)
[1.443s] -- Found Python3: /usr/bin/python3 (found version "3.10.12") found components: Interpreter 
[1.638s] -- Found geometry_msgs: 4.9.0 (/opt/ros/humble/share/geometry_msgs/cmake)
[1.722s] -- Found rosidl_generator_c: 3.1.7 (/opt/ros/humble/share/rosidl_generator_c/cmake)
[1.734s] -- Found rosidl_adapter: 3.1.7 (/opt/ros/humble/share/rosidl_adapter/cmake)
[1.758s] -- Found rosidl_generator_cpp: 3.1.7 (/opt/ros/humble/share/rosidl_generator_cpp/cmake)
[1.785s] -- Using all available rosidl_typesupport_c: rosidl_typesupport_fastrtps_c;rosidl_typesupport_introspection_c
[1.821s] -- Using all available rosidl_typesupport_cpp: rosidl_typesupport_fastrtps_cpp;rosidl_typesupport_introspection_cpp
[1.921s] -- Found rosidl_default_generators: 1.2.0 (/opt/ros/humble/share/rosidl_default_generators/cmake)
[2.546s] -- Found ament_cmake_ros: 0.10.0 (/opt/ros/humble/share/ament_cmake_ros/cmake)
[3.467s] -- Using all available rosidl_typesupport_c: rosidl_typesupport_fastrtps_c;rosidl_typesupport_introspection_c
[3.842s] -- Using all available rosidl_typesupport_cpp: rosidl_typesupport_fastrtps_cpp;rosidl_typesupport_introspection_cpp
[3.889s] -- Found PythonInterp: /usr/bin/python3 (found suitable version "3.10.12", minimum required is "3.6") 
[3.894s] -- Found python_cmake_module: 0.10.0 (/opt/ros/humble/share/python_cmake_module/cmake)
[3.949s] -- Found PythonLibs: /usr/lib/x86_64-linux-gnu/libpython3.10.so (found suitable version "3.10.12", minimum required is "3.5") 
[3.950s] -- Using PYTHON_EXECUTABLE: /usr/bin/python3
[3.950s] -- Using PYTHON_INCLUDE_DIRS: /usr/include/python3.10
[3.950s] -- Using PYTHON_LIBRARIES: /usr/lib/x86_64-linux-gnu/libpython3.10.so
[4.000s] -- Found PythonExtra: .so  
[4.138s] -- Configuring done
[4.210s] -- Generating done
[4.234s] -- Build files have been written to: /home/jacob/MTRN4231_sandwich_assembler/burger_assembler/burger_assembler/build/custom_interface
[4.258s] Invoked command in '/home/jacob/MTRN4231_sandwich_assembler/burger_assembler/burger_assembler/build/custom_interface' returned '0': CMAKE_PREFIX_PATH=${CMAKE_PREFIX_PATH}:/opt/ros/humble /usr/bin/cmake /home/jacob/MTRN4231_sandwich_assembler/burger_assembler/burger_assembler/src/custom_interface -DCMAKE_INSTALL_PREFIX=/home/jacob/MTRN4231_sandwich_assembler/burger_assembler/burger_assembler/install/custom_interface
[4.262s] Invoking command in '/home/jacob/MTRN4231_sandwich_assembler/burger_assembler/burger_assembler/build/custom_interface': CMAKE_PREFIX_PATH=${CMAKE_PREFIX_PATH}:/opt/ros/humble /usr/bin/cmake --build /home/jacob/MTRN4231_sandwich_assembler/burger_assembler/burger_assembler/build/custom_interface -- -j8 -l8
[4.336s] [  3%] [34m[1mGenerating C code for ROS interfaces[0m
[4.360s] [  6%] [34m[1mGenerating C++ code for ROS interfaces[0m
[4.380s] [  6%] Built target ament_cmake_python_copy_custom_interface
[5.035s] running egg_info
[5.055s] [  6%] Built target custom_interface__cpp
[5.058s] [  9%] [32mBuilding C object CMakeFiles/custom_interface__rosidl_generator_c.dir/rosidl_generator_c/custom_interface/srv/detail/movement_request__functions.c.o[0m
[5.080s] [ 12%] [34m[1mGenerating C++ type support for eProsima Fast-RTPS[0m
[5.084s] [ 16%] [34m[1mGenerating C++ introspection for ROS interfaces[0m
[5.085s] [ 19%] [34m[1mGenerating C++ type support dispatch for ROS interfaces[0m
[5.108s] creating custom_interface.egg-info
[5.108s] writing custom_interface.egg-info/PKG-INFO
[5.110s] writing dependency_links to custom_interface.egg-info/dependency_links.txt
[5.110s] writing top-level names to custom_interface.egg-info/top_level.txt
[5.110s] writing manifest file 'custom_interface.egg-info/SOURCES.txt'
[5.245s] [ 22%] [32m[1mLinking C shared library libcustom_interface__rosidl_generator_c.so[0m
[5.338s] reading manifest file 'custom_interface.egg-info/SOURCES.txt'
[5.341s] writing manifest file 'custom_interface.egg-info/SOURCES.txt'
[5.366s] [ 22%] Built target custom_interface__rosidl_generator_c
[5.395s] [ 25%] [34m[1mGenerating C type support for eProsima Fast-RTPS[0m
[5.396s] [ 29%] [34m[1mGenerating C type support dispatch for ROS interfaces[0m
[5.398s] [ 32%] [34m[1mGenerating C introspection for ROS interfaces[0m
[5.442s] [ 32%] Built target ament_cmake_python_build_custom_interface_egg
[5.906s] [ 35%] [32mBuilding CXX object CMakeFiles/custom_interface__rosidl_typesupport_cpp.dir/rosidl_typesupport_cpp/custom_interface/srv/movement_request__type_support.cpp.o[0m
[6.048s] [ 38%] [32mBuilding CXX object CMakeFiles/custom_interface__rosidl_typesupport_introspection_cpp.dir/rosidl_typesupport_introspection_cpp/custom_interface/srv/detail/movement_request__type_support.cpp.o[0m
[6.072s] [ 41%] [32mBuilding CXX object CMakeFiles/custom_interface__rosidl_typesupport_fastrtps_cpp.dir/rosidl_typesupport_fastrtps_cpp/custom_interface/srv/detail/dds_fastrtps/movement_request__type_support.cpp.o[0m
[6.263s] [ 45%] [32mBuilding CXX object CMakeFiles/custom_interface__rosidl_typesupport_c.dir/rosidl_typesupport_c/custom_interface/srv/movement_request__type_support.cpp.o[0m
[6.337s] [ 48%] [32mBuilding CXX object CMakeFiles/custom_interface__rosidl_typesupport_fastrtps_c.dir/rosidl_typesupport_fastrtps_c/custom_interface/srv/detail/movement_request__type_support_c.cpp.o[0m
[6.358s] [ 51%] [32m[1mLinking CXX shared library libcustom_interface__rosidl_typesupport_c.so[0m
[6.507s] [ 51%] Built target custom_interface__rosidl_typesupport_c
[6.511s] [ 54%] [32mBuilding C object CMakeFiles/custom_interface__rosidl_typesupport_introspection_c.dir/rosidl_typesupport_introspection_c/custom_interface/srv/detail/movement_request__type_support.c.o[0m
[6.618s] [ 58%] [32m[1mLinking C shared library libcustom_interface__rosidl_typesupport_introspection_c.so[0m
[6.706s] [ 58%] Built target custom_interface__rosidl_typesupport_introspection_c
[6.750s] [ 61%] [32m[1mLinking CXX shared library libcustom_interface__rosidl_typesupport_cpp.so[0m
[6.848s] [ 61%] Built target custom_interface__rosidl_typesupport_cpp
[7.172s] [ 64%] [32m[1mLinking CXX shared library libcustom_interface__rosidl_typesupport_introspection_cpp.so[0m
[7.346s] [ 64%] Built target custom_interface__rosidl_typesupport_introspection_cpp
[7.372s] [ 67%] [32m[1mLinking CXX shared library libcustom_interface__rosidl_typesupport_fastrtps_c.so[0m
[7.467s] [ 70%] [32m[1mLinking CXX shared library libcustom_interface__rosidl_typesupport_fastrtps_cpp.so[0m
[7.557s] [ 70%] Built target custom_interface__rosidl_typesupport_fastrtps_c
[7.642s] [ 70%] Built target custom_interface__rosidl_typesupport_fastrtps_cpp
[7.689s] [ 70%] Built target custom_interface
[7.738s] [ 74%] [34m[1mGenerating Python code for ROS interfaces[0m
[8.574s] [ 74%] Built target custom_interface__py
[8.614s] [ 77%] [32mBuilding C object CMakeFiles/custom_interface__rosidl_generator_py.dir/rosidl_generator_py/custom_interface/srv/_movement_request_s.c.o[0m
[8.888s] [ 80%] [32m[1mLinking C shared library rosidl_generator_py/custom_interface/libcustom_interface__rosidl_generator_py.so[0m
[8.977s] [ 80%] Built target custom_interface__rosidl_generator_py
[9.022s] [ 83%] [32mBuilding C object CMakeFiles/custom_interface__rosidl_typesupport_introspection_c__pyext.dir/rosidl_generator_py/custom_interface/_custom_interface_s.ep.rosidl_typesupport_introspection_c.c.o[0m
[9.022s] [ 87%] [32mBuilding C object CMakeFiles/custom_interface__rosidl_typesupport_fastrtps_c__pyext.dir/rosidl_generator_py/custom_interface/_custom_interface_s.ep.rosidl_typesupport_fastrtps_c.c.o[0m
[9.022s] [ 90%] [32mBuilding C object CMakeFiles/custom_interface__rosidl_typesupport_c__pyext.dir/rosidl_generator_py/custom_interface/_custom_interface_s.ep.rosidl_typesupport_c.c.o[0m
[9.265s] [ 93%] [32m[1mLinking C shared library rosidl_generator_py/custom_interface/custom_interface_s__rosidl_typesupport_fastrtps_c.cpython-310-x86_64-linux-gnu.so[0m
[9.266s] [ 96%] [32m[1mLinking C shared library rosidl_generator_py/custom_interface/custom_interface_s__rosidl_typesupport_introspection_c.cpython-310-x86_64-linux-gnu.so[0m
[9.277s] [100%] [32m[1mLinking C shared library rosidl_generator_py/custom_interface/custom_interface_s__rosidl_typesupport_c.cpython-310-x86_64-linux-gnu.so[0m
[9.363s] [100%] Built target custom_interface__rosidl_typesupport_fastrtps_c__pyext
[9.364s] [100%] Built target custom_interface__rosidl_typesupport_introspection_c__pyext
[9.377s] [100%] Built target custom_interface__rosidl_typesupport_c__pyext
[9.402s] Invoked command in '/home/jacob/MTRN4231_sandwich_assembler/burger_assembler/burger_assembler/build/custom_interface' returned '0': CMAKE_PREFIX_PATH=${CMAKE_PREFIX_PATH}:/opt/ros/humble /usr/bin/cmake --build /home/jacob/MTRN4231_sandwich_assembler/burger_assembler/burger_assembler/build/custom_interface -- -j8 -l8
[9.424s] Invoking command in '/home/jacob/MTRN4231_sandwich_assembler/burger_assembler/burger_assembler/build/custom_interface': CMAKE_PREFIX_PATH=${CMAKE_PREFIX_PATH}:/opt/ros/humble /usr/bin/cmake --install /home/jacob/MTRN4231_sandwich_assembler/burger_assembler/burger_assembler/build/custom_interface
[9.442s] -- Install configuration: ""
[9.442s] -- Installing: /home/jacob/MTRN4231_sandwich_assembler/burger_assembler/burger_assembler/install/custom_interface/share/ament_index/resource_index/rosidl_interfaces/custom_interface
[9.443s] -- Installing: /home/jacob/MTRN4231_sandwich_assembler/burger_assembler/burger_assembler/install/custom_interface/include/custom_interface/custom_interface
[9.443s] -- Installing: /home/jacob/MTRN4231_sandwich_assembler/burger_assembler/burger_assembler/install/custom_interface/include/custom_interface/custom_interface/msg
[9.444s] -- Installing: /home/jacob/MTRN4231_sandwich_assembler/burger_assembler/burger_assembler/install/custom_interface/include/custom_interface/custom_interface/msg/rosidl_generator_c__visibility_control.h
[9.444s] -- Installing: /home/jacob/MTRN4231_sandwich_assembler/burger_assembler/burger_assembler/install/custom_interface/include/custom_interface/custom_interface/srv
[9.444s] -- Installing: /home/jacob/MTRN4231_sandwich_assembler/burger_assembler/burger_assembler/install/custom_interface/include/custom_interface/custom_interface/srv/movement_request.h
[9.445s] -- Installing: /home/jacob/MTRN4231_sandwich_assembler/burger_assembler/burger_assembler/install/custom_interface/include/custom_interface/custom_interface/srv/detail
[9.445s] -- Installing: /home/jacob/MTRN4231_sandwich_assembler/burger_assembler/burger_assembler/install/custom_interface/include/custom_interface/custom_interface/srv/detail/movement_request__struct.h
[9.446s] -- Installing: /home/jacob/MTRN4231_sandwich_assembler/burger_assembler/burger_assembler/install/custom_interface/include/custom_interface/custom_interface/srv/detail/movement_request__functions.h
[9.446s] -- Installing: /home/jacob/MTRN4231_sandwich_assembler/burger_assembler/burger_assembler/install/custom_interface/include/custom_interface/custom_interface/srv/detail/movement_request__functions.c
[9.446s] -- Installing: /home/jacob/MTRN4231_sandwich_assembler/burger_assembler/burger_assembler/install/custom_interface/include/custom_interface/custom_interface/srv/detail/movement_request__type_support.h
[9.447s] -- Installing: /home/jacob/MTRN4231_sandwich_assembler/burger_assembler/burger_assembler/install/custom_interface/share/custom_interface/environment/library_path.sh
[9.447s] -- Installing: /home/jacob/MTRN4231_sandwich_assembler/burger_assembler/burger_assembler/install/custom_interface/share/custom_interface/environment/library_path.dsv
[9.447s] -- Installing: /home/jacob/MTRN4231_sandwich_assembler/burger_assembler/burger_assembler/install/custom_interface/lib/libcustom_interface__rosidl_generator_c.so
[9.448s] -- Set runtime path of "/home/jacob/MTRN4231_sandwich_assembler/burger_assembler/burger_assembler/install/custom_interface/lib/libcustom_interface__rosidl_generator_c.so" to ""
[9.449s] -- Up-to-date: /home/jacob/MTRN4231_sandwich_assembler/burger_assembler/burger_assembler/install/custom_interface/include/custom_interface/custom_interface
[9.449s] -- Up-to-date: /home/jacob/MTRN4231_sandwich_assembler/burger_assembler/burger_assembler/install/custom_interface/include/custom_interface/custom_interface/msg
[9.449s] -- Installing: /home/jacob/MTRN4231_sandwich_assembler/burger_assembler/burger_assembler/install/custom_interface/include/custom_interface/custom_interface/msg/rosidl_typesupport_fastrtps_c__visibility_control.h
[9.450s] -- Up-to-date: /home/jacob/MTRN4231_sandwich_assembler/burger_assembler/burger_assembler/install/custom_interface/include/custom_interface/custom_interface/srv
[9.450s] -- Up-to-date: /home/jacob/MTRN4231_sandwich_assembler/burger_assembler/burger_assembler/install/custom_interface/include/custom_interface/custom_interface/srv/detail
[9.450s] -- Installing: /home/jacob/MTRN4231_sandwich_assembler/burger_assembler/burger_assembler/install/custom_interface/include/custom_interface/custom_interface/srv/detail/movement_request__rosidl_typesupport_fastrtps_c.h
[9.450s] -- Installing: /home/jacob/MTRN4231_sandwich_assembler/burger_assembler/burger_assembler/install/custom_interface/lib/libcustom_interface__rosidl_typesupport_fastrtps_c.so
[9.451s] -- Set runtime path of "/home/jacob/MTRN4231_sandwich_assembler/burger_assembler/burger_assembler/install/custom_interface/lib/libcustom_interface__rosidl_typesupport_fastrtps_c.so" to ""
[9.451s] -- Up-to-date: /home/jacob/MTRN4231_sandwich_assembler/burger_assembler/burger_assembler/install/custom_interface/include/custom_interface/custom_interface
[9.452s] -- Up-to-date: /home/jacob/MTRN4231_sandwich_assembler/burger_assembler/burger_assembler/install/custom_interface/include/custom_interface/custom_interface/msg
[9.452s] -- Installing: /home/jacob/MTRN4231_sandwich_assembler/burger_assembler/burger_assembler/install/custom_interface/include/custom_interface/custom_interface/msg/rosidl_generator_cpp__visibility_control.hpp
[9.453s] -- Up-to-date: /home/jacob/MTRN4231_sandwich_assembler/burger_assembler/burger_assembler/install/custom_interface/include/custom_interface/custom_interface/srv
[9.453s] -- Installing: /home/jacob/MTRN4231_sandwich_assembler/burger_assembler/burger_assembler/install/custom_interface/include/custom_interface/custom_interface/srv/movement_request.hpp
[9.453s] -- Up-to-date: /home/jacob/MTRN4231_sandwich_assembler/burger_assembler/burger_assembler/install/custom_interface/include/custom_interface/custom_interface/srv/detail
[9.453s] -- Installing: /home/jacob/MTRN4231_sandwich_assembler/burger_assembler/burger_assembler/install/custom_interface/include/custom_interface/custom_interface/srv/detail/movement_request__type_support.hpp
[9.454s] -- Installing: /home/jacob/MTRN4231_sandwich_assembler/burger_assembler/burger_assembler/install/custom_interface/include/custom_interface/custom_interface/srv/detail/movement_request__struct.hpp
[9.454s] -- Installing: /home/jacob/MTRN4231_sandwich_assembler/burger_assembler/burger_assembler/install/custom_interface/include/custom_interface/custom_interface/srv/detail/movement_request__builder.hpp
[9.455s] -- Installing: /home/jacob/MTRN4231_sandwich_assembler/burger_assembler/burger_assembler/install/custom_interface/include/custom_interface/custom_interface/srv/detail/movement_request__traits.hpp
[9.455s] -- Up-to-date: /home/jacob/MTRN4231_sandwich_assembler/burger_assembler/burger_assembler/install/custom_interface/include/custom_interface/custom_interface
[9.455s] -- Up-to-date: /home/jacob/MTRN4231_sandwich_assembler/burger_assembler/burger_assembler/install/custom_interface/include/custom_interface/custom_interface/msg
[9.456s] -- Installing: /home/jacob/MTRN4231_sandwich_assembler/burger_assembler/burger_assembler/install/custom_interface/include/custom_interface/custom_interface/msg/rosidl_typesupport_fastrtps_cpp__visibility_control.h
[9.456s] -- Up-to-date: /home/jacob/MTRN4231_sandwich_assembler/burger_assembler/burger_assembler/install/custom_interface/include/custom_interface/custom_interface/srv
[9.456s] -- Up-to-date: /home/jacob/MTRN4231_sandwich_assembler/burger_assembler/burger_assembler/install/custom_interface/include/custom_interface/custom_interface/srv/detail
[9.456s] -- Installing: /home/jacob/MTRN4231_sandwich_assembler/burger_assembler/burger_assembler/install/custom_interface/include/custom_interface/custom_interface/srv/detail/movement_request__rosidl_typesupport_fastrtps_cpp.hpp
[9.457s] -- Installing: /home/jacob/MTRN4231_sandwich_assembler/burger_assembler/burger_assembler/install/custom_interface/include/custom_interface/custom_interface/srv/detail/dds_fastrtps
[9.457s] -- Installing: /home/jacob/MTRN4231_sandwich_assembler/burger_assembler/burger_assembler/install/custom_interface/lib/libcustom_interface__rosidl_typesupport_fastrtps_cpp.so
[9.458s] -- Set runtime path of "/home/jacob/MTRN4231_sandwich_assembler/burger_assembler/burger_assembler/install/custom_interface/lib/libcustom_interface__rosidl_typesupport_fastrtps_cpp.so" to ""
[9.458s] -- Up-to-date: /home/jacob/MTRN4231_sandwich_assembler/burger_assembler/burger_assembler/install/custom_interface/include/custom_interface/custom_interface
[9.459s] -- Up-to-date: /home/jacob/MTRN4231_sandwich_assembler/burger_assembler/burger_assembler/install/custom_interface/include/custom_interface/custom_interface/msg
[9.459s] -- Installing: /home/jacob/MTRN4231_sandwich_assembler/burger_assembler/burger_assembler/install/custom_interface/include/custom_interface/custom_interface/msg/rosidl_typesupport_introspection_c__visibility_control.h
[9.460s] -- Up-to-date: /home/jacob/MTRN4231_sandwich_assembler/burger_assembler/burger_assembler/install/custom_interface/include/custom_interface/custom_interface/srv
[9.460s] -- Up-to-date: /home/jacob/MTRN4231_sandwich_assembler/burger_assembler/burger_assembler/install/custom_interface/include/custom_interface/custom_interface/srv/detail
[9.460s] -- Installing: /home/jacob/MTRN4231_sandwich_assembler/burger_assembler/burger_assembler/install/custom_interface/include/custom_interface/custom_interface/srv/detail/movement_request__rosidl_typesupport_introspection_c.h
[9.461s] -- Installing: /home/jacob/MTRN4231_sandwich_assembler/burger_assembler/burger_assembler/install/custom_interface/include/custom_interface/custom_interface/srv/detail/movement_request__type_support.c
[9.461s] -- Installing: /home/jacob/MTRN4231_sandwich_assembler/burger_assembler/burger_assembler/install/custom_interface/lib/libcustom_interface__rosidl_typesupport_introspection_c.so
[9.461s] -- Set runtime path of "/home/jacob/MTRN4231_sandwich_assembler/burger_assembler/burger_assembler/install/custom_interface/lib/libcustom_interface__rosidl_typesupport_introspection_c.so" to ""
[9.462s] -- Installing: /home/jacob/MTRN4231_sandwich_assembler/burger_assembler/burger_assembler/install/custom_interface/lib/libcustom_interface__rosidl_typesupport_c.so
[9.462s] -- Set runtime path of "/home/jacob/MTRN4231_sandwich_assembler/burger_assembler/burger_assembler/install/custom_interface/lib/libcustom_interface__rosidl_typesupport_c.so" to ""
[9.462s] -- Up-to-date: /home/jacob/MTRN4231_sandwich_assembler/burger_assembler/burger_assembler/install/custom_interface/include/custom_interface/custom_interface
[9.462s] -- Up-to-date: /home/jacob/MTRN4231_sandwich_assembler/burger_assembler/burger_assembler/install/custom_interface/include/custom_interface/custom_interface/srv
[9.462s] -- Up-to-date: /home/jacob/MTRN4231_sandwich_assembler/burger_assembler/burger_assembler/install/custom_interface/include/custom_interface/custom_interface/srv/detail
[9.463s] -- Installing: /home/jacob/MTRN4231_sandwich_assembler/burger_assembler/burger_assembler/install/custom_interface/include/custom_interface/custom_interface/srv/detail/movement_request__rosidl_typesupport_introspection_cpp.hpp
[9.463s] -- Installing: /home/jacob/MTRN4231_sandwich_assembler/burger_assembler/burger_assembler/install/custom_interface/include/custom_interface/custom_interface/srv/detail/movement_request__type_support.cpp
[9.463s] -- Installing: /home/jacob/MTRN4231_sandwich_assembler/burger_assembler/burger_assembler/install/custom_interface/lib/libcustom_interface__rosidl_typesupport_introspection_cpp.so
[9.463s] -- Set runtime path of "/home/jacob/MTRN4231_sandwich_assembler/burger_assembler/burger_assembler/install/custom_interface/lib/libcustom_interface__rosidl_typesupport_introspection_cpp.so" to ""
[9.464s] -- Installing: /home/jacob/MTRN4231_sandwich_assembler/burger_assembler/burger_assembler/install/custom_interface/lib/libcustom_interface__rosidl_typesupport_cpp.so
[9.464s] -- Set runtime path of "/home/jacob/MTRN4231_sandwich_assembler/burger_assembler/burger_assembler/install/custom_interface/lib/libcustom_interface__rosidl_typesupport_cpp.so" to ""
[9.464s] -- Installing: /home/jacob/MTRN4231_sandwich_assembler/burger_assembler/burger_assembler/install/custom_interface/share/custom_interface/environment/pythonpath.sh
[9.465s] -- Installing: /home/jacob/MTRN4231_sandwich_assembler/burger_assembler/burger_assembler/install/custom_interface/share/custom_interface/environment/pythonpath.dsv
[9.465s] -- Installing: /home/jacob/MTRN4231_sandwich_assembler/burger_assembler/burger_assembler/install/custom_interface/local/lib/python3.10/dist-packages/custom_interface-0.0.0-py3.10.egg-info
[9.466s] -- Installing: /home/jacob/MTRN4231_sandwich_assembler/burger_assembler/burger_assembler/install/custom_interface/local/lib/python3.10/dist-packages/custom_interface-0.0.0-py3.10.egg-info/SOURCES.txt
[9.466s] -- Installing: /home/jacob/MTRN4231_sandwich_assembler/burger_assembler/burger_assembler/install/custom_interface/local/lib/python3.10/dist-packages/custom_interface-0.0.0-py3.10.egg-info/dependency_links.txt
[9.466s] -- Installing: /home/jacob/MTRN4231_sandwich_assembler/burger_assembler/burger_assembler/install/custom_interface/local/lib/python3.10/dist-packages/custom_interface-0.0.0-py3.10.egg-info/top_level.txt
[9.467s] -- Installing: /home/jacob/MTRN4231_sandwich_assembler/burger_assembler/burger_assembler/install/custom_interface/local/lib/python3.10/dist-packages/custom_interface-0.0.0-py3.10.egg-info/PKG-INFO
[9.467s] -- Installing: /home/jacob/MTRN4231_sandwich_assembler/burger_assembler/burger_assembler/install/custom_interface/local/lib/python3.10/dist-packages/custom_interface
[9.468s] -- Installing: /home/jacob/MTRN4231_sandwich_assembler/burger_assembler/burger_assembler/install/custom_interface/local/lib/python3.10/dist-packages/custom_interface/_custom_interface_s.ep.rosidl_typesupport_c.c
[9.468s] -- Installing: /home/jacob/MTRN4231_sandwich_assembler/burger_assembler/burger_assembler/install/custom_interface/local/lib/python3.10/dist-packages/custom_interface/_custom_interface_s.ep.rosidl_typesupport_introspection_c.c
[9.469s] -- Installing: /home/jacob/MTRN4231_sandwich_assembler/burger_assembler/burger_assembler/install/custom_interface/local/lib/python3.10/dist-packages/custom_interface/custom_interface_s__rosidl_typesupport_introspection_c.cpython-310-x86_64-linux-gnu.so
[9.469s] -- Installing: /home/jacob/MTRN4231_sandwich_assembler/burger_assembler/burger_assembler/install/custom_interface/local/lib/python3.10/dist-packages/custom_interface/_custom_interface_s.ep.rosidl_typesupport_fastrtps_c.c
[9.470s] -- Installing: /home/jacob/MTRN4231_sandwich_assembler/burger_assembler/burger_assembler/install/custom_interface/local/lib/python3.10/dist-packages/custom_interface/__init__.py
[9.471s] -- Installing: /home/jacob/MTRN4231_sandwich_assembler/burger_assembler/burger_assembler/install/custom_interface/local/lib/python3.10/dist-packages/custom_interface/custom_interface_s__rosidl_typesupport_fastrtps_c.cpython-310-x86_64-linux-gnu.so
[9.471s] -- Installing: /home/jacob/MTRN4231_sandwich_assembler/burger_assembler/burger_assembler/install/custom_interface/local/lib/python3.10/dist-packages/custom_interface/libcustom_interface__rosidl_generator_py.so
[9.472s] -- Installing: /home/jacob/MTRN4231_sandwich_assembler/burger_assembler/burger_assembler/install/custom_interface/local/lib/python3.10/dist-packages/custom_interface/custom_interface_s__rosidl_typesupport_c.cpython-310-x86_64-linux-gnu.so
[9.472s] -- Installing: /home/jacob/MTRN4231_sandwich_assembler/burger_assembler/burger_assembler/install/custom_interface/local/lib/python3.10/dist-packages/custom_interface/srv
[9.472s] -- Installing: /home/jacob/MTRN4231_sandwich_assembler/burger_assembler/burger_assembler/install/custom_interface/local/lib/python3.10/dist-packages/custom_interface/srv/_movement_request_s.c
[9.473s] -- Installing: /home/jacob/MTRN4231_sandwich_assembler/burger_assembler/burger_assembler/install/custom_interface/local/lib/python3.10/dist-packages/custom_interface/srv/__init__.py
[9.473s] -- Installing: /home/jacob/MTRN4231_sandwich_assembler/burger_assembler/burger_assembler/install/custom_interface/local/lib/python3.10/dist-packages/custom_interface/srv/_movement_request.py
[9.561s] Listing '/home/jacob/MTRN4231_sandwich_assembler/burger_assembler/burger_assembler/install/custom_interface/local/lib/python3.10/dist-packages/custom_interface'...
[9.562s] Compiling '/home/jacob/MTRN4231_sandwich_assembler/burger_assembler/burger_assembler/install/custom_interface/local/lib/python3.10/dist-packages/custom_interface/__init__.py'...
[9.562s] Listing '/home/jacob/MTRN4231_sandwich_assembler/burger_assembler/burger_assembler/install/custom_interface/local/lib/python3.10/dist-packages/custom_interface/srv'...
[9.563s] Compiling '/home/jacob/MTRN4231_sandwich_assembler/burger_assembler/burger_assembler/install/custom_interface/local/lib/python3.10/dist-packages/custom_interface/srv/__init__.py'...
[9.563s] Compiling '/home/jacob/MTRN4231_sandwich_assembler/burger_assembler/burger_assembler/install/custom_interface/local/lib/python3.10/dist-packages/custom_interface/srv/_movement_request.py'...
[9.573s] -- Installing: /home/jacob/MTRN4231_sandwich_assembler/burger_assembler/burger_assembler/install/custom_interface/local/lib/python3.10/dist-packages/custom_interface/custom_interface_s__rosidl_typesupport_fastrtps_c.cpython-310-x86_64-linux-gnu.so
[9.574s] -- Set runtime path of "/home/jacob/MTRN4231_sandwich_assembler/burger_assembler/burger_assembler/install/custom_interface/local/lib/python3.10/dist-packages/custom_interface/custom_interface_s__rosidl_typesupport_fastrtps_c.cpython-310-x86_64-linux-gnu.so" to ""
[9.575s] -- Installing: /home/jacob/MTRN4231_sandwich_assembler/burger_assembler/burger_assembler/install/custom_interface/local/lib/python3.10/dist-packages/custom_interface/custom_interface_s__rosidl_typesupport_introspection_c.cpython-310-x86_64-linux-gnu.so
[9.575s] -- Set runtime path of "/home/jacob/MTRN4231_sandwich_assembler/burger_assembler/burger_assembler/install/custom_interface/local/lib/python3.10/dist-packages/custom_interface/custom_interface_s__rosidl_typesupport_introspection_c.cpython-310-x86_64-linux-gnu.so" to ""
[9.576s] -- Installing: /home/jacob/MTRN4231_sandwich_assembler/burger_assembler/burger_assembler/install/custom_interface/local/lib/python3.10/dist-packages/custom_interface/custom_interface_s__rosidl_typesupport_c.cpython-310-x86_64-linux-gnu.so
[9.576s] -- Set runtime path of "/home/jacob/MTRN4231_sandwich_assembler/burger_assembler/burger_assembler/install/custom_interface/local/lib/python3.10/dist-packages/custom_interface/custom_interface_s__rosidl_typesupport_c.cpython-310-x86_64-linux-gnu.so" to ""
[9.576s] -- Installing: /home/jacob/MTRN4231_sandwich_assembler/burger_assembler/burger_assembler/install/custom_interface/lib/libcustom_interface__rosidl_generator_py.so
[9.577s] -- Set runtime path of "/home/jacob/MTRN4231_sandwich_assembler/burger_assembler/burger_assembler/install/custom_interface/lib/libcustom_interface__rosidl_generator_py.so" to ""
[9.577s] -- Installing: /home/jacob/MTRN4231_sandwich_assembler/burger_assembler/burger_assembler/install/custom_interface/share/custom_interface/srv/MovementRequest.idl
[9.578s] -- Installing: /home/jacob/MTRN4231_sandwich_assembler/burger_assembler/burger_assembler/install/custom_interface/share/custom_interface/srv/MovementRequest.srv
[9.578s] -- Installing: /home/jacob/MTRN4231_sandwich_assembler/burger_assembler/burger_assembler/install/custom_interface/share/custom_interface/srv/MovementRequest_Request.msg
[9.578s] -- Installing: /home/jacob/MTRN4231_sandwich_assembler/burger_assembler/burger_assembler/install/custom_interface/share/custom_interface/srv/MovementRequest_Response.msg
[9.579s] -- Installing: /home/jacob/MTRN4231_sandwich_assembler/burger_assembler/burger_assembler/install/custom_interface/share/ament_index/resource_index/package_run_dependencies/custom_interface
[9.579s] -- Installing: /home/jacob/MTRN4231_sandwich_assembler/burger_assembler/burger_assembler/install/custom_interface/share/ament_index/resource_index/parent_prefix_path/custom_interface
[9.579s] -- Installing: /home/jacob/MTRN4231_sandwich_assembler/burger_assembler/burger_assembler/install/custom_interface/share/custom_interface/environment/ament_prefix_path.sh
[9.580s] -- Installing: /home/jacob/MTRN4231_sandwich_assembler/burger_assembler/burger_assembler/install/custom_interface/share/custom_interface/environment/ament_prefix_path.dsv
[9.580s] -- Installing: /home/jacob/MTRN4231_sandwich_assembler/burger_assembler/burger_assembler/install/custom_interface/share/custom_interface/environment/path.sh
[9.580s] -- Installing: /home/jacob/MTRN4231_sandwich_assembler/burger_assembler/burger_assembler/install/custom_interface/share/custom_interface/environment/path.dsv
[9.580s] -- Installing: /home/jacob/MTRN4231_sandwich_assembler/burger_assembler/burger_assembler/install/custom_interface/share/custom_interface/local_setup.bash
[9.581s] -- Installing: /home/jacob/MTRN4231_sandwich_assembler/burger_assembler/burger_assembler/install/custom_interface/share/custom_interface/local_setup.sh
[9.582s] -- Installing: /home/jacob/MTRN4231_sandwich_assembler/burger_assembler/burger_assembler/install/custom_interface/share/custom_interface/local_setup.zsh
[9.582s] -- Installing: /home/jacob/MTRN4231_sandwich_assembler/burger_assembler/burger_assembler/install/custom_interface/share/custom_interface/local_setup.dsv
[9.583s] -- Installing: /home/jacob/MTRN4231_sandwich_assembler/burger_assembler/burger_assembler/install/custom_interface/share/custom_interface/package.dsv
[9.584s] -- Installing: /home/jacob/MTRN4231_sandwich_assembler/burger_assembler/burger_assembler/install/custom_interface/share/ament_index/resource_index/packages/custom_interface
[9.584s] -- Installing: /home/jacob/MTRN4231_sandwich_assembler/burger_assembler/burger_assembler/install/custom_interface/share/custom_interface/cmake/export_custom_interface__rosidl_generator_cExport.cmake
[9.585s] -- Installing: /home/jacob/MTRN4231_sandwich_assembler/burger_assembler/burger_assembler/install/custom_interface/share/custom_interface/cmake/export_custom_interface__rosidl_generator_cExport-noconfig.cmake
[9.585s] -- Installing: /home/jacob/MTRN4231_sandwich_assembler/burger_assembler/burger_assembler/install/custom_interface/share/custom_interface/cmake/export_custom_interface__rosidl_typesupport_fastrtps_cExport.cmake
[9.585s] -- Installing: /home/jacob/MTRN4231_sandwich_assembler/burger_assembler/burger_assembler/install/custom_interface/share/custom_interface/cmake/export_custom_interface__rosidl_typesupport_fastrtps_cExport-noconfig.cmake
[9.586s] -- Installing: /home/jacob/MTRN4231_sandwich_assembler/burger_assembler/burger_assembler/install/custom_interface/share/custom_interface/cmake/export_custom_interface__rosidl_generator_cppExport.cmake
[9.586s] -- Installing: /home/jacob/MTRN4231_sandwich_assembler/burger_assembler/burger_assembler/install/custom_interface/share/custom_interface/cmake/export_custom_interface__rosidl_typesupport_fastrtps_cppExport.cmake
[9.587s] -- Installing: /home/jacob/MTRN4231_sandwich_assembler/burger_assembler/burger_assembler/install/custom_interface/share/custom_interface/cmake/export_custom_interface__rosidl_typesupport_fastrtps_cppExport-noconfig.cmake
[9.587s] -- Installing: /home/jacob/MTRN4231_sandwich_assembler/burger_assembler/burger_assembler/install/custom_interface/share/custom_interface/cmake/custom_interface__rosidl_typesupport_introspection_cExport.cmake
[9.587s] -- Installing: /home/jacob/MTRN4231_sandwich_assembler/burger_assembler/burger_assembler/install/custom_interface/share/custom_interface/cmake/custom_interface__rosidl_typesupport_introspection_cExport-noconfig.cmake
[9.588s] -- Installing: /home/jacob/MTRN4231_sandwich_assembler/burger_assembler/burger_assembler/install/custom_interface/share/custom_interface/cmake/custom_interface__rosidl_typesupport_cExport.cmake
[9.588s] -- Installing: /home/jacob/MTRN4231_sandwich_assembler/burger_assembler/burger_assembler/install/custom_interface/share/custom_interface/cmake/custom_interface__rosidl_typesupport_cExport-noconfig.cmake
[9.588s] -- Installing: /home/jacob/MTRN4231_sandwich_assembler/burger_assembler/burger_assembler/install/custom_interface/share/custom_interface/cmake/custom_interface__rosidl_typesupport_introspection_cppExport.cmake
[9.589s] -- Installing: /home/jacob/MTRN4231_sandwich_assembler/burger_assembler/burger_assembler/install/custom_interface/share/custom_interface/cmake/custom_interface__rosidl_typesupport_introspection_cppExport-noconfig.cmake
[9.589s] -- Installing: /home/jacob/MTRN4231_sandwich_assembler/burger_assembler/burger_assembler/install/custom_interface/share/custom_interface/cmake/custom_interface__rosidl_typesupport_cppExport.cmake
[9.589s] -- Installing: /home/jacob/MTRN4231_sandwich_assembler/burger_assembler/burger_assembler/install/custom_interface/share/custom_interface/cmake/custom_interface__rosidl_typesupport_cppExport-noconfig.cmake
[9.590s] -- Installing: /home/jacob/MTRN4231_sandwich_assembler/burger_assembler/burger_assembler/install/custom_interface/share/custom_interface/cmake/export_custom_interface__rosidl_generator_pyExport.cmake
[9.590s] -- Installing: /home/jacob/MTRN4231_sandwich_assembler/burger_assembler/burger_assembler/install/custom_interface/share/custom_interface/cmake/export_custom_interface__rosidl_generator_pyExport-noconfig.cmake
[9.591s] -- Installing: /home/jacob/MTRN4231_sandwich_assembler/burger_assembler/burger_assembler/install/custom_interface/share/custom_interface/cmake/rosidl_cmake-extras.cmake
[9.591s] -- Installing: /home/jacob/MTRN4231_sandwich_assembler/burger_assembler/burger_assembler/install/custom_interface/share/custom_interface/cmake/ament_cmake_export_dependencies-extras.cmake
[9.592s] -- Installing: /home/jacob/MTRN4231_sandwich_assembler/burger_assembler/burger_assembler/install/custom_interface/share/custom_interface/cmake/ament_cmake_export_include_directories-extras.cmake
[9.592s] -- Installing: /home/jacob/MTRN4231_sandwich_assembler/burger_assembler/burger_assembler/install/custom_interface/share/custom_interface/cmake/ament_cmake_export_libraries-extras.cmake
[9.592s] -- Installing: /home/jacob/MTRN4231_sandwich_assembler/burger_assembler/burger_assembler/install/custom_interface/share/custom_interface/cmake/ament_cmake_export_targets-extras.cmake
[9.593s] -- Installing: /home/jacob/MTRN4231_sandwich_assembler/burger_assembler/burger_assembler/install/custom_interface/share/custom_interface/cmake/rosidl_cmake_export_typesupport_targets-extras.cmake
[9.594s] -- Installing: /home/jacob/MTRN4231_sandwich_assembler/burger_assembler/burger_assembler/install/custom_interface/share/custom_interface/cmake/rosidl_cmake_export_typesupport_libraries-extras.cmake
[9.594s] -- Installing: /home/jacob/MTRN4231_sandwich_assembler/burger_assembler/burger_assembler/install/custom_interface/share/custom_interface/cmake/custom_interfaceConfig.cmake
[9.595s] -- Installing: /home/jacob/MTRN4231_sandwich_assembler/burger_assembler/burger_assembler/install/custom_interface/share/custom_interface/cmake/custom_interfaceConfig-version.cmake
[9.595s] -- Installing: /home/jacob/MTRN4231_sandwich_assembler/burger_assembler/burger_assembler/install/custom_interface/share/custom_interface/package.xml
[9.600s] Invoked command in '/home/jacob/MTRN4231_sandwich_assembler/burger_assembler/burger_assembler/build/custom_interface' returned '0': CMAKE_PREFIX_PATH=${CMAKE_PREFIX_PATH}:/opt/ros/humble /usr/bin/cmake --install /home/jacob/MTRN4231_sandwich_assembler/burger_assembler/burger_assembler/build/custom_interface
