[0.025s] Invoking command in '/home/jacob/MTRN4231_sandwich_assembler/burger_assembler/burger_assembler/build/moveit_path_planner': AMENT_PREFIX_PATH=/home/jacob/MTRN4231_sandwich_assembler/burger_assembler/burger_assembler/install/custom_interface:${AMENT_PREFIX_PATH} CMAKE_PREFIX_PATH=/home/jacob/MTRN4231_sandwich_assembler/burger_assembler/burger_assembler/install/custom_interface:/home/jacob/MTRN4231_sandwich_assembler/lab5_workspace/install/ur_with_pizza_cutter_description:/home/jacob/MTRN4231_sandwich_assembler/lab5_workspace/install/pizza_cutter_description:/home/jacob/MTRN4231_sandwich_assembler/lab5_workspace/install/claw_description:/opt/ros/humble LD_LIBRARY_PATH=/home/jacob/MTRN4231_sandwich_assembler/burger_assembler/burger_assembler/install/custom_interface/lib:${LD_LIBRARY_PATH} PYTHONPATH=/home/jacob/MTRN4231_sandwich_assembler/burger_assembler/burger_assembler/install/custom_interface/local/lib/python3.10/dist-packages:${PYTHONPATH} /usr/bin/cmake --build /home/jacob/MTRN4231_sandwich_assembler/burger_assembler/burger_assembler/build/moveit_path_planner -- -j8 -l8
[0.127s] [35m[1mConsolidate compiler generated dependencies of target moveit_path_planning_server[0m
[0.178s] [ 50%] [32mBuilding CXX object CMakeFiles/moveit_path_planning_server.dir/src/moveit_path_planning_server.cpp.o[0m
[17.755s] [100%] [32m[1mLinking CXX executable moveit_path_planning_server[0m
[18.760s] [100%] Built target moveit_path_planning_server
[18.783s] Invoked command in '/home/jacob/MTRN4231_sandwich_assembler/burger_assembler/burger_assembler/build/moveit_path_planner' returned '0': AMENT_PREFIX_PATH=/home/jacob/MTRN4231_sandwich_assembler/burger_assembler/burger_assembler/install/custom_interface:${AMENT_PREFIX_PATH} CMAKE_PREFIX_PATH=/home/jacob/MTRN4231_sandwich_assembler/burger_assembler/burger_assembler/install/custom_interface:/home/jacob/MTRN4231_sandwich_assembler/lab5_workspace/install/ur_with_pizza_cutter_description:/home/jacob/MTRN4231_sandwich_assembler/lab5_workspace/install/pizza_cutter_description:/home/jacob/MTRN4231_sandwich_assembler/lab5_workspace/install/claw_description:/opt/ros/humble LD_LIBRARY_PATH=/home/jacob/MTRN4231_sandwich_assembler/burger_assembler/burger_assembler/install/custom_interface/lib:${LD_LIBRARY_PATH} PYTHONPATH=/home/jacob/MTRN4231_sandwich_assembler/burger_assembler/burger_assembler/install/custom_interface/local/lib/python3.10/dist-packages:${PYTHONPATH} /usr/bin/cmake --build /home/jacob/MTRN4231_sandwich_assembler/burger_assembler/burger_assembler/build/moveit_path_planner -- -j8 -l8
[18.787s] Invoking command in '/home/jacob/MTRN4231_sandwich_assembler/burger_assembler/burger_assembler/build/moveit_path_planner': AMENT_PREFIX_PATH=/home/jacob/MTRN4231_sandwich_assembler/burger_assembler/burger_assembler/install/custom_interface:${AMENT_PREFIX_PATH} CMAKE_PREFIX_PATH=/home/jacob/MTRN4231_sandwich_assembler/burger_assembler/burger_assembler/install/custom_interface:/home/jacob/MTRN4231_sandwich_assembler/lab5_workspace/install/ur_with_pizza_cutter_description:/home/jacob/MTRN4231_sandwich_assembler/lab5_workspace/install/pizza_cutter_description:/home/jacob/MTRN4231_sandwich_assembler/lab5_workspace/install/claw_description:/opt/ros/humble LD_LIBRARY_PATH=/home/jacob/MTRN4231_sandwich_assembler/burger_assembler/burger_assembler/install/custom_interface/lib:${LD_LIBRARY_PATH} PYTHONPATH=/home/jacob/MTRN4231_sandwich_assembler/burger_assembler/burger_assembler/install/custom_interface/local/lib/python3.10/dist-packages:${PYTHONPATH} /usr/bin/cmake --install /home/jacob/MTRN4231_sandwich_assembler/burger_assembler/burger_assembler/build/moveit_path_planner
[18.802s] -- Install configuration: ""
[18.803s] -- Installing: /home/jacob/MTRN4231_sandwich_assembler/burger_assembler/burger_assembler/install/moveit_path_planner/lib/moveit_path_planner/moveit_path_planning_server
[18.805s] -- Set runtime path of "/home/jacob/MTRN4231_sandwich_assembler/burger_assembler/burger_assembler/install/moveit_path_planner/lib/moveit_path_planner/moveit_path_planning_server" to ""
[18.806s] -- Up-to-date: /home/jacob/MTRN4231_sandwich_assembler/burger_assembler/burger_assembler/install/moveit_path_planner/share/moveit_path_planner//launch
[18.806s] -- Up-to-date: /home/jacob/MTRN4231_sandwich_assembler/burger_assembler/burger_assembler/install/moveit_path_planner/share/moveit_path_planner//launch/planning_server.launch.py
[18.806s] -- Up-to-date: /home/jacob/MTRN4231_sandwich_assembler/burger_assembler/burger_assembler/install/moveit_path_planner/share/ament_index/resource_index/package_run_dependencies/moveit_path_planner
[18.806s] -- Up-to-date: /home/jacob/MTRN4231_sandwich_assembler/burger_assembler/burger_assembler/install/moveit_path_planner/share/ament_index/resource_index/parent_prefix_path/moveit_path_planner
[18.806s] -- Up-to-date: /home/jacob/MTRN4231_sandwich_assembler/burger_assembler/burger_assembler/install/moveit_path_planner/share/moveit_path_planner/environment/ament_prefix_path.sh
[18.807s] -- Up-to-date: /home/jacob/MTRN4231_sandwich_assembler/burger_assembler/burger_assembler/install/moveit_path_planner/share/moveit_path_planner/environment/ament_prefix_path.dsv
[18.807s] -- Up-to-date: /home/jacob/MTRN4231_sandwich_assembler/burger_assembler/burger_assembler/install/moveit_path_planner/share/moveit_path_planner/environment/path.sh
[18.807s] -- Up-to-date: /home/jacob/MTRN4231_sandwich_assembler/burger_assembler/burger_assembler/install/moveit_path_planner/share/moveit_path_planner/environment/path.dsv
[18.807s] -- Up-to-date: /home/jacob/MTRN4231_sandwich_assembler/burger_assembler/burger_assembler/install/moveit_path_planner/share/moveit_path_planner/local_setup.bash
[18.807s] -- Up-to-date: /home/jacob/MTRN4231_sandwich_assembler/burger_assembler/burger_assembler/install/moveit_path_planner/share/moveit_path_planner/local_setup.sh
[18.808s] -- Up-to-date: /home/jacob/MTRN4231_sandwich_assembler/burger_assembler/burger_assembler/install/moveit_path_planner/share/moveit_path_planner/local_setup.zsh
[18.808s] -- Up-to-date: /home/jacob/MTRN4231_sandwich_assembler/burger_assembler/burger_assembler/install/moveit_path_planner/share/moveit_path_planner/local_setup.dsv
[18.808s] -- Installing: /home/jacob/MTRN4231_sandwich_assembler/burger_assembler/burger_assembler/install/moveit_path_planner/share/moveit_path_planner/package.dsv
[18.808s] -- Up-to-date: /home/jacob/MTRN4231_sandwich_assembler/burger_assembler/burger_assembler/install/moveit_path_planner/share/ament_index/resource_index/packages/moveit_path_planner
[18.808s] -- Up-to-date: /home/jacob/MTRN4231_sandwich_assembler/burger_assembler/burger_assembler/install/moveit_path_planner/share/moveit_path_planner/cmake/moveit_path_plannerConfig.cmake
[18.808s] -- Up-to-date: /home/jacob/MTRN4231_sandwich_assembler/burger_assembler/burger_assembler/install/moveit_path_planner/share/moveit_path_planner/cmake/moveit_path_plannerConfig-version.cmake
[18.808s] -- Up-to-date: /home/jacob/MTRN4231_sandwich_assembler/burger_assembler/burger_assembler/install/moveit_path_planner/share/moveit_path_planner/package.xml
[18.811s] Invoked command in '/home/jacob/MTRN4231_sandwich_assembler/burger_assembler/burger_assembler/build/moveit_path_planner' returned '0': AMENT_PREFIX_PATH=/home/jacob/MTRN4231_sandwich_assembler/burger_assembler/burger_assembler/install/custom_interface:${AMENT_PREFIX_PATH} CMAKE_PREFIX_PATH=/home/jacob/MTRN4231_sandwich_assembler/burger_assembler/burger_assembler/install/custom_interface:/home/jacob/MTRN4231_sandwich_assembler/lab5_workspace/install/ur_with_pizza_cutter_description:/home/jacob/MTRN4231_sandwich_assembler/lab5_workspace/install/pizza_cutter_description:/home/jacob/MTRN4231_sandwich_assembler/lab5_workspace/install/claw_description:/opt/ros/humble LD_LIBRARY_PATH=/home/jacob/MTRN4231_sandwich_assembler/burger_assembler/burger_assembler/install/custom_interface/lib:${LD_LIBRARY_PATH} PYTHONPATH=/home/jacob/MTRN4231_sandwich_assembler/burger_assembler/burger_assembler/install/custom_interface/local/lib/python3.10/dist-packages:${PYTHONPATH} /usr/bin/cmake --install /home/jacob/MTRN4231_sandwich_assembler/burger_assembler/burger_assembler/build/moveit_path_planner
