[0.281s] [34mcolcon[0m [1;30mDEBUG[0m [32mCommand line arguments: ['/usr/bin/colcon', 'build'][0m
[0.281s] [34mcolcon[0m [1;30mDEBUG[0m [32mParsed command line arguments: Namespace(log_base=None, log_level=None, verb_name='build', build_base='build', install_base='install', merge_install=False, symlink_install=False, test_result_base=None, continue_on_error=False, executor='parallel', parallel_workers=8, event_handlers=None, ignore_user_meta=False, metas=['./colcon.meta'], base_paths=['.'], packages_ignore=None, packages_ignore_regex=None, paths=None, packages_up_to=None, packages_up_to_regex=None, packages_above=None, packages_above_and_dependencies=None, packages_above_depth=None, packages_select_by_dep=None, packages_skip_by_dep=None, packages_skip_up_to=None, packages_select_build_failed=False, packages_skip_build_finished=False, packages_select_test_failures=False, packages_skip_test_passed=False, packages_select=None, packages_skip=None, packages_select_regex=None, packages_skip_regex=None, packages_start=None, packages_end=None, allow_overriding=[], cmake_args=None, cmake_target=None, cmake_target_skip_unavailable=False, cmake_clean_cache=False, cmake_clean_first=False, cmake_force_configure=False, ament_cmake_args=None, catkin_cmake_args=None, catkin_skip_building_tests=False, mixin_files=None, mixin=None, verb_parser=<colcon_mixin.mixin.mixin_argument.MixinArgumentDecorator object at 0x795508b62ce0>, verb_extension=<colcon_core.verb.build.BuildVerb object at 0x795508b62230>, main=<bound method BuildVerb.main of <colcon_core.verb.build.BuildVerb object at 0x795508b62230>>, mixin_verb=('build',))[0m
[0.369s] [34mcolcon.colcon_core.package_discovery[0m [1;30mLevel 1[0m discover_packages(colcon_meta) check parameters
[0.369s] [34mcolcon.colcon_core.package_discovery[0m [1;30mLevel 1[0m discover_packages(recursive) check parameters
[0.369s] [34mcolcon.colcon_core.package_discovery[0m [1;30mLevel 1[0m discover_packages(ignore) check parameters
[0.369s] [34mcolcon.colcon_core.package_discovery[0m [1;30mLevel 1[0m discover_packages(path) check parameters
[0.369s] [34mcolcon.colcon_core.package_discovery[0m [1;30mLevel 1[0m discover_packages(colcon_meta) discover
[0.369s] [34mcolcon.colcon_core.package_discovery[0m [1;30mLevel 1[0m discover_packages(recursive) discover
[0.369s] [34mcolcon.colcon_core.package_discovery[0m [1;30mINFO[0m Crawling recursively for packages in '/home/jacob/MTRN4231_sandwich_assembler/burger_assembler/burger_assembler'
[0.369s] [34mcolcon.colcon_core.package_identification[0m [1;30mLevel 1[0m _identify(.) by extensions ['ignore', 'ignore_ament_install']
[0.369s] [34mcolcon.colcon_core.package_identification[0m [1;30mLevel 1[0m _identify(.) by extension 'ignore'
[0.370s] [34mcolcon.colcon_core.package_identification[0m [1;30mLevel 1[0m _identify(.) by extension 'ignore_ament_install'
[0.370s] [34mcolcon.colcon_core.package_identification[0m [1;30mLevel 1[0m _identify(.) by extensions ['colcon_pkg']
[0.370s] [34mcolcon.colcon_core.package_identification[0m [1;30mLevel 1[0m _identify(.) by extension 'colcon_pkg'
[0.370s] [34mcolcon.colcon_core.package_identification[0m [1;30mLevel 1[0m _identify(.) by extensions ['colcon_meta']
[0.370s] [34mcolcon.colcon_core.package_identification[0m [1;30mLevel 1[0m _identify(.) by extension 'colcon_meta'
[0.370s] [34mcolcon.colcon_core.package_identification[0m [1;30mLevel 1[0m _identify(.) by extensions ['ros']
[0.370s] [34mcolcon.colcon_core.package_identification[0m [1;30mLevel 1[0m _identify(.) by extension 'ros'
[0.399s] [34mcolcon.colcon_core.package_identification[0m [1;30mLevel 1[0m _identify(.) by extensions ['cmake', 'python']
[0.400s] [34mcolcon.colcon_core.package_identification[0m [1;30mLevel 1[0m _identify(.) by extension 'cmake'
[0.400s] [34mcolcon.colcon_core.package_identification[0m [1;30mLevel 1[0m _identify(.) by extension 'python'
[0.400s] [34mcolcon.colcon_core.package_identification[0m [1;30mLevel 1[0m _identify(.) by extensions ['python_setup_py']
[0.400s] [34mcolcon.colcon_core.package_identification[0m [1;30mLevel 1[0m _identify(.) by extension 'python_setup_py'
[0.400s] [34mcolcon.colcon_core.package_identification[0m [1;30mLevel 1[0m _identify(build) by extensions ['ignore', 'ignore_ament_install']
[0.400s] [34mcolcon.colcon_core.package_identification[0m [1;30mLevel 1[0m _identify(build) by extension 'ignore'
[0.400s] [34mcolcon.colcon_core.package_identification[0m [1;30mLevel 1[0m _identify(build) ignored
[0.400s] [34mcolcon.colcon_core.package_identification[0m [1;30mLevel 1[0m _identify(install) by extensions ['ignore', 'ignore_ament_install']
[0.401s] [34mcolcon.colcon_core.package_identification[0m [1;30mLevel 1[0m _identify(install) by extension 'ignore'
[0.401s] [34mcolcon.colcon_core.package_identification[0m [1;30mLevel 1[0m _identify(install) ignored
[0.401s] [34mcolcon.colcon_core.package_identification[0m [1;30mLevel 1[0m _identify(log) by extensions ['ignore', 'ignore_ament_install']
[0.401s] [34mcolcon.colcon_core.package_identification[0m [1;30mLevel 1[0m _identify(log) by extension 'ignore'
[0.401s] [34mcolcon.colcon_core.package_identification[0m [1;30mLevel 1[0m _identify(log) ignored
[0.401s] [34mcolcon.colcon_core.package_identification[0m [1;30mLevel 1[0m _identify(src) by extensions ['ignore', 'ignore_ament_install']
[0.401s] [34mcolcon.colcon_core.package_identification[0m [1;30mLevel 1[0m _identify(src) by extension 'ignore'
[0.401s] [34mcolcon.colcon_core.package_identification[0m [1;30mLevel 1[0m _identify(src) by extension 'ignore_ament_install'
[0.402s] [34mcolcon.colcon_core.package_identification[0m [1;30mLevel 1[0m _identify(src) by extensions ['colcon_pkg']
[0.402s] [34mcolcon.colcon_core.package_identification[0m [1;30mLevel 1[0m _identify(src) by extension 'colcon_pkg'
[0.402s] [34mcolcon.colcon_core.package_identification[0m [1;30mLevel 1[0m _identify(src) by extensions ['colcon_meta']
[0.402s] [34mcolcon.colcon_core.package_identification[0m [1;30mLevel 1[0m _identify(src) by extension 'colcon_meta'
[0.402s] [34mcolcon.colcon_core.package_identification[0m [1;30mLevel 1[0m _identify(src) by extensions ['ros']
[0.402s] [34mcolcon.colcon_core.package_identification[0m [1;30mLevel 1[0m _identify(src) by extension 'ros'
[0.402s] [34mcolcon.colcon_core.package_identification[0m [1;30mLevel 1[0m _identify(src) by extensions ['cmake', 'python']
[0.402s] [34mcolcon.colcon_core.package_identification[0m [1;30mLevel 1[0m _identify(src) by extension 'cmake'
[0.402s] [34mcolcon.colcon_core.package_identification[0m [1;30mLevel 1[0m _identify(src) by extension 'python'
[0.402s] [34mcolcon.colcon_core.package_identification[0m [1;30mLevel 1[0m _identify(src) by extensions ['python_setup_py']
[0.402s] [34mcolcon.colcon_core.package_identification[0m [1;30mLevel 1[0m _identify(src) by extension 'python_setup_py'
[0.402s] [34mcolcon.colcon_core.package_identification[0m [1;30mLevel 1[0m _identify(src/custom_interface) by extensions ['ignore', 'ignore_ament_install']
[0.402s] [34mcolcon.colcon_core.package_identification[0m [1;30mLevel 1[0m _identify(src/custom_interface) by extension 'ignore'
[0.403s] [34mcolcon.colcon_core.package_identification[0m [1;30mLevel 1[0m _identify(src/custom_interface) by extension 'ignore_ament_install'
[0.403s] [34mcolcon.colcon_core.package_identification[0m [1;30mLevel 1[0m _identify(src/custom_interface) by extensions ['colcon_pkg']
[0.403s] [34mcolcon.colcon_core.package_identification[0m [1;30mLevel 1[0m _identify(src/custom_interface) by extension 'colcon_pkg'
[0.403s] [34mcolcon.colcon_core.package_identification[0m [1;30mLevel 1[0m _identify(src/custom_interface) by extensions ['colcon_meta']
[0.403s] [34mcolcon.colcon_core.package_identification[0m [1;30mLevel 1[0m _identify(src/custom_interface) by extension 'colcon_meta'
[0.403s] [34mcolcon.colcon_core.package_identification[0m [1;30mLevel 1[0m _identify(src/custom_interface) by extensions ['ros']
[0.403s] [34mcolcon.colcon_core.package_identification[0m [1;30mLevel 1[0m _identify(src/custom_interface) by extension 'ros'
[0.410s] [34mcolcon.colcon_core.package_identification[0m [1;30mDEBUG[0m [32mPackage 'src/custom_interface' with type 'ros.ament_cmake' and name 'custom_interface'[0m
[0.410s] [34mcolcon.colcon_core.package_identification[0m [1;30mLevel 1[0m _identify(src/moveit_path_planner) by extensions ['ignore', 'ignore_ament_install']
[0.410s] [34mcolcon.colcon_core.package_identification[0m [1;30mLevel 1[0m _identify(src/moveit_path_planner) by extension 'ignore'
[0.411s] [34mcolcon.colcon_core.package_identification[0m [1;30mLevel 1[0m _identify(src/moveit_path_planner) by extension 'ignore_ament_install'
[0.411s] [34mcolcon.colcon_core.package_identification[0m [1;30mLevel 1[0m _identify(src/moveit_path_planner) by extensions ['colcon_pkg']
[0.411s] [34mcolcon.colcon_core.package_identification[0m [1;30mLevel 1[0m _identify(src/moveit_path_planner) by extension 'colcon_pkg'
[0.411s] [34mcolcon.colcon_core.package_identification[0m [1;30mLevel 1[0m _identify(src/moveit_path_planner) by extensions ['colcon_meta']
[0.411s] [34mcolcon.colcon_core.package_identification[0m [1;30mLevel 1[0m _identify(src/moveit_path_planner) by extension 'colcon_meta'
[0.411s] [34mcolcon.colcon_core.package_identification[0m [1;30mLevel 1[0m _identify(src/moveit_path_planner) by extensions ['ros']
[0.411s] [34mcolcon.colcon_core.package_identification[0m [1;30mLevel 1[0m _identify(src/moveit_path_planner) by extension 'ros'
[0.414s] [34mcolcon.colcon_core.package_identification[0m [1;30mDEBUG[0m [32mPackage 'src/moveit_path_planner' with type 'ros.ament_cmake' and name 'moveit_path_planner'[0m
[0.414s] [34mcolcon.colcon_core.package_discovery[0m [1;30mLevel 1[0m discover_packages(recursive) using defaults
[0.414s] [34mcolcon.colcon_core.package_discovery[0m [1;30mLevel 1[0m discover_packages(ignore) discover
[0.414s] [34mcolcon.colcon_core.package_discovery[0m [1;30mLevel 1[0m discover_packages(ignore) using defaults
[0.414s] [34mcolcon.colcon_core.package_discovery[0m [1;30mLevel 1[0m discover_packages(path) discover
[0.414s] [34mcolcon.colcon_core.package_discovery[0m [1;30mLevel 1[0m discover_packages(path) using defaults
[0.445s] [34mcolcon.colcon_core.package_discovery[0m [1;30mLevel 1[0m discover_packages(prefix_path) check parameters
[0.445s] [34mcolcon.colcon_core.package_discovery[0m [1;30mLevel 1[0m discover_packages(prefix_path) discover
[0.447s] [34mcolcon.colcon_core.prefix_path.colcon[0m [1;30mWARNING[0m [33mThe path '/home/jacob/MTRN4231_sandwich_assembler/moveit_testing/install' in the environment variable COLCON_PREFIX_PATH doesn't exist[0m
[0.449s] [34mcolcon.colcon_installed_package_information.package_discovery[0m [1;30mDEBUG[0m [32mFound 3 installed packages in /home/jacob/MTRN4231_sandwich_assembler/lab5_workspace/install[0m
[0.452s] [34mcolcon.colcon_installed_package_information.package_discovery[0m [1;30mDEBUG[0m [32mFound 368 installed packages in /opt/ros/humble[0m
[0.455s] [34mcolcon.colcon_core.package_discovery[0m [1;30mLevel 1[0m discover_packages(prefix_path) using defaults
[0.563s] [34mcolcon.colcon_core.verb[0m [1;30mLevel 5[0m set package 'custom_interface' build argument 'cmake_args' from command line to 'None'
[0.563s] [34mcolcon.colcon_core.verb[0m [1;30mLevel 5[0m set package 'custom_interface' build argument 'cmake_target' from command line to 'None'
[0.564s] [34mcolcon.colcon_core.verb[0m [1;30mLevel 5[0m set package 'custom_interface' build argument 'cmake_target_skip_unavailable' from command line to 'False'
[0.564s] [34mcolcon.colcon_core.verb[0m [1;30mLevel 5[0m set package 'custom_interface' build argument 'cmake_clean_cache' from command line to 'False'
[0.564s] [34mcolcon.colcon_core.verb[0m [1;30mLevel 5[0m set package 'custom_interface' build argument 'cmake_clean_first' from command line to 'False'
[0.564s] [34mcolcon.colcon_core.verb[0m [1;30mLevel 5[0m set package 'custom_interface' build argument 'cmake_force_configure' from command line to 'False'
[0.564s] [34mcolcon.colcon_core.verb[0m [1;30mLevel 5[0m set package 'custom_interface' build argument 'ament_cmake_args' from command line to 'None'
[0.564s] [34mcolcon.colcon_core.verb[0m [1;30mLevel 5[0m set package 'custom_interface' build argument 'catkin_cmake_args' from command line to 'None'
[0.564s] [34mcolcon.colcon_core.verb[0m [1;30mLevel 5[0m set package 'custom_interface' build argument 'catkin_skip_building_tests' from command line to 'False'
[0.564s] [34mcolcon.colcon_core.verb[0m [1;30mDEBUG[0m [32mBuilding package 'custom_interface' with the following arguments: {'ament_cmake_args': None, 'build_base': '/home/jacob/MTRN4231_sandwich_assembler/burger_assembler/burger_assembler/build/custom_interface', 'catkin_cmake_args': None, 'catkin_skip_building_tests': False, 'cmake_args': None, 'cmake_clean_cache': False, 'cmake_clean_first': False, 'cmake_force_configure': False, 'cmake_target': None, 'cmake_target_skip_unavailable': False, 'install_base': '/home/jacob/MTRN4231_sandwich_assembler/burger_assembler/burger_assembler/install/custom_interface', 'merge_install': False, 'path': '/home/jacob/MTRN4231_sandwich_assembler/burger_assembler/burger_assembler/src/custom_interface', 'symlink_install': False, 'test_result_base': None}[0m
[0.565s] [34mcolcon.colcon_core.verb[0m [1;30mLevel 5[0m set package 'moveit_path_planner' build argument 'cmake_args' from command line to 'None'
[0.565s] [34mcolcon.colcon_core.verb[0m [1;30mLevel 5[0m set package 'moveit_path_planner' build argument 'cmake_target' from command line to 'None'
[0.565s] [34mcolcon.colcon_core.verb[0m [1;30mLevel 5[0m set package 'moveit_path_planner' build argument 'cmake_target_skip_unavailable' from command line to 'False'
[0.565s] [34mcolcon.colcon_core.verb[0m [1;30mLevel 5[0m set package 'moveit_path_planner' build argument 'cmake_clean_cache' from command line to 'False'
[0.565s] [34mcolcon.colcon_core.verb[0m [1;30mLevel 5[0m set package 'moveit_path_planner' build argument 'cmake_clean_first' from command line to 'False'
[0.565s] [34mcolcon.colcon_core.verb[0m [1;30mLevel 5[0m set package 'moveit_path_planner' build argument 'cmake_force_configure' from command line to 'False'
[0.565s] [34mcolcon.colcon_core.verb[0m [1;30mLevel 5[0m set package 'moveit_path_planner' build argument 'ament_cmake_args' from command line to 'None'
[0.565s] [34mcolcon.colcon_core.verb[0m [1;30mLevel 5[0m set package 'moveit_path_planner' build argument 'catkin_cmake_args' from command line to 'None'
[0.565s] [34mcolcon.colcon_core.verb[0m [1;30mLevel 5[0m set package 'moveit_path_planner' build argument 'catkin_skip_building_tests' from command line to 'False'
[0.565s] [34mcolcon.colcon_core.verb[0m [1;30mDEBUG[0m [32mBuilding package 'moveit_path_planner' with the following arguments: {'ament_cmake_args': None, 'build_base': '/home/jacob/MTRN4231_sandwich_assembler/burger_assembler/burger_assembler/build/moveit_path_planner', 'catkin_cmake_args': None, 'catkin_skip_building_tests': False, 'cmake_args': None, 'cmake_clean_cache': False, 'cmake_clean_first': False, 'cmake_force_configure': False, 'cmake_target': None, 'cmake_target_skip_unavailable': False, 'install_base': '/home/jacob/MTRN4231_sandwich_assembler/burger_assembler/burger_assembler/install/moveit_path_planner', 'merge_install': False, 'path': '/home/jacob/MTRN4231_sandwich_assembler/burger_assembler/burger_assembler/src/moveit_path_planner', 'symlink_install': False, 'test_result_base': None}[0m
[0.565s] [34mcolcon.colcon_core.executor[0m [1;30mINFO[0m Executing jobs using 'parallel' executor
[0.568s] [34mcolcon.colcon_parallel_executor.executor.parallel[0m [1;30mDEBUG[0m [32mrun_until_complete[0m
[0.569s] [34mcolcon.colcon_ros.task.ament_cmake.build[0m [1;30mINFO[0m Building ROS package in '/home/jacob/MTRN4231_sandwich_assembler/burger_assembler/burger_assembler/src/custom_interface' with build type 'ament_cmake'
[0.569s] [34mcolcon.colcon_cmake.task.cmake.build[0m [1;30mINFO[0m Building CMake package in '/home/jacob/MTRN4231_sandwich_assembler/burger_assembler/burger_assembler/src/custom_interface'
[0.574s] [34mcolcon.colcon_core.plugin_system[0m [1;30mINFO[0m Skipping extension 'colcon_core.shell.bat': Not used on non-Windows systems
[0.575s] [34mcolcon.colcon_core.shell[0m [1;30mINFO[0m Skip shell extension 'powershell' for command environment: Not usable outside of PowerShell
[0.575s] [34mcolcon.colcon_core.shell[0m [1;30mDEBUG[0m [32mSkip shell extension 'dsv' for command environment[0m
[0.595s] [34mcolcon.colcon_core.event_handler.log_command[0m [1;30mDEBUG[0m [32mInvoking command in '/home/jacob/MTRN4231_sandwich_assembler/burger_assembler/burger_assembler/build/custom_interface': CMAKE_PREFIX_PATH=${CMAKE_PREFIX_PATH}:/opt/ros/humble /usr/bin/cmake --build /home/jacob/MTRN4231_sandwich_assembler/burger_assembler/burger_assembler/build/custom_interface -- -j8 -l8[0m
[1.637s] [34mcolcon.colcon_core.event_handler.log_command[0m [1;30mDEBUG[0m [32mInvoked command in '/home/jacob/MTRN4231_sandwich_assembler/burger_assembler/burger_assembler/build/custom_interface' returned '0': CMAKE_PREFIX_PATH=${CMAKE_PREFIX_PATH}:/opt/ros/humble /usr/bin/cmake --build /home/jacob/MTRN4231_sandwich_assembler/burger_assembler/burger_assembler/build/custom_interface -- -j8 -l8[0m
[1.656s] [34mcolcon.colcon_core.event_handler.log_command[0m [1;30mDEBUG[0m [32mInvoking command in '/home/jacob/MTRN4231_sandwich_assembler/burger_assembler/burger_assembler/build/custom_interface': CMAKE_PREFIX_PATH=${CMAKE_PREFIX_PATH}:/opt/ros/humble /usr/bin/cmake --install /home/jacob/MTRN4231_sandwich_assembler/burger_assembler/burger_assembler/build/custom_interface[0m
[1.778s] [34mcolcon.colcon_core.environment[0m [1;30mLevel 1[0m create_environment_scripts_only(custom_interface)
[1.779s] [34mcolcon.colcon_core.event_handler.log_command[0m [1;30mDEBUG[0m [32mInvoked command in '/home/jacob/MTRN4231_sandwich_assembler/burger_assembler/burger_assembler/build/custom_interface' returned '0': CMAKE_PREFIX_PATH=${CMAKE_PREFIX_PATH}:/opt/ros/humble /usr/bin/cmake --install /home/jacob/MTRN4231_sandwich_assembler/burger_assembler/burger_assembler/build/custom_interface[0m
[1.783s] [34mcolcon.colcon_core.environment[0m [1;30mLevel 1[0m checking '/home/jacob/MTRN4231_sandwich_assembler/burger_assembler/burger_assembler/install/custom_interface' for CMake module files
[1.785s] [34mcolcon.colcon_core.environment[0m [1;30mLevel 1[0m checking '/home/jacob/MTRN4231_sandwich_assembler/burger_assembler/burger_assembler/install/custom_interface' for CMake config files
[1.786s] [34mcolcon.colcon_core.shell[0m [1;30mLevel 1[0m create_environment_hook('custom_interface', 'cmake_prefix_path')
[1.787s] [34mcolcon.colcon_core.shell[0m [1;30mINFO[0m Creating environment hook '/home/jacob/MTRN4231_sandwich_assembler/burger_assembler/burger_assembler/install/custom_interface/share/custom_interface/hook/cmake_prefix_path.ps1'
[1.806s] [34mcolcon.colcon_core.shell[0m [1;30mINFO[0m Creating environment descriptor '/home/jacob/MTRN4231_sandwich_assembler/burger_assembler/burger_assembler/install/custom_interface/share/custom_interface/hook/cmake_prefix_path.dsv'
[1.807s] [34mcolcon.colcon_core.shell[0m [1;30mINFO[0m Creating environment hook '/home/jacob/MTRN4231_sandwich_assembler/burger_assembler/burger_assembler/install/custom_interface/share/custom_interface/hook/cmake_prefix_path.sh'
[1.808s] [34mcolcon.colcon_core.environment[0m [1;30mLevel 1[0m checking '/home/jacob/MTRN4231_sandwich_assembler/burger_assembler/burger_assembler/install/custom_interface/lib'
[1.809s] [34mcolcon.colcon_core.shell[0m [1;30mLevel 1[0m create_environment_hook('custom_interface', 'ld_library_path_lib')
[1.809s] [34mcolcon.colcon_core.shell[0m [1;30mINFO[0m Creating environment hook '/home/jacob/MTRN4231_sandwich_assembler/burger_assembler/burger_assembler/install/custom_interface/share/custom_interface/hook/ld_library_path_lib.ps1'
[1.810s] [34mcolcon.colcon_core.shell[0m [1;30mINFO[0m Creating environment descriptor '/home/jacob/MTRN4231_sandwich_assembler/burger_assembler/burger_assembler/install/custom_interface/share/custom_interface/hook/ld_library_path_lib.dsv'
[1.810s] [34mcolcon.colcon_core.shell[0m [1;30mINFO[0m Creating environment hook '/home/jacob/MTRN4231_sandwich_assembler/burger_assembler/burger_assembler/install/custom_interface/share/custom_interface/hook/ld_library_path_lib.sh'
[1.811s] [34mcolcon.colcon_core.environment[0m [1;30mLevel 1[0m checking '/home/jacob/MTRN4231_sandwich_assembler/burger_assembler/burger_assembler/install/custom_interface/bin'
[1.811s] [34mcolcon.colcon_core.environment[0m [1;30mLevel 1[0m checking '/home/jacob/MTRN4231_sandwich_assembler/burger_assembler/burger_assembler/install/custom_interface/lib/pkgconfig/custom_interface.pc'
[1.812s] [34mcolcon.colcon_core.environment[0m [1;30mLevel 1[0m checking '/home/jacob/MTRN4231_sandwich_assembler/burger_assembler/burger_assembler/install/custom_interface/lib/python3.10/site-packages'
[1.812s] [34mcolcon.colcon_core.environment[0m [1;30mLevel 1[0m checking '/home/jacob/MTRN4231_sandwich_assembler/burger_assembler/burger_assembler/install/custom_interface/bin'
[1.813s] [34mcolcon.colcon_core.shell[0m [1;30mINFO[0m Creating package script '/home/jacob/MTRN4231_sandwich_assembler/burger_assembler/burger_assembler/install/custom_interface/share/custom_interface/package.ps1'
[1.814s] [34mcolcon.colcon_core.shell[0m [1;30mINFO[0m Creating package descriptor '/home/jacob/MTRN4231_sandwich_assembler/burger_assembler/burger_assembler/install/custom_interface/share/custom_interface/package.dsv'
[1.816s] [34mcolcon.colcon_core.shell[0m [1;30mINFO[0m Creating package script '/home/jacob/MTRN4231_sandwich_assembler/burger_assembler/burger_assembler/install/custom_interface/share/custom_interface/package.sh'
[1.821s] [34mcolcon.colcon_core.shell[0m [1;30mINFO[0m Creating package script '/home/jacob/MTRN4231_sandwich_assembler/burger_assembler/burger_assembler/install/custom_interface/share/custom_interface/package.bash'
[1.824s] [34mcolcon.colcon_core.shell[0m [1;30mINFO[0m Creating package script '/home/jacob/MTRN4231_sandwich_assembler/burger_assembler/burger_assembler/install/custom_interface/share/custom_interface/package.zsh'
[1.826s] [34mcolcon.colcon_core.environment[0m [1;30mLevel 1[0m create_file_with_runtime_dependencies(/home/jacob/MTRN4231_sandwich_assembler/burger_assembler/burger_assembler/install/custom_interface/share/colcon-core/packages/custom_interface)
[1.827s] [34mcolcon.colcon_core.environment[0m [1;30mLevel 1[0m create_environment_scripts_only(custom_interface)
[1.828s] [34mcolcon.colcon_core.environment[0m [1;30mLevel 1[0m checking '/home/jacob/MTRN4231_sandwich_assembler/burger_assembler/burger_assembler/install/custom_interface' for CMake module files
[1.829s] [34mcolcon.colcon_core.environment[0m [1;30mLevel 1[0m checking '/home/jacob/MTRN4231_sandwich_assembler/burger_assembler/burger_assembler/install/custom_interface' for CMake config files
[1.830s] [34mcolcon.colcon_core.shell[0m [1;30mLevel 1[0m create_environment_hook('custom_interface', 'cmake_prefix_path')
[1.831s] [34mcolcon.colcon_core.shell[0m [1;30mINFO[0m Creating environment hook '/home/jacob/MTRN4231_sandwich_assembler/burger_assembler/burger_assembler/install/custom_interface/share/custom_interface/hook/cmake_prefix_path.ps1'
[1.832s] [34mcolcon.colcon_core.shell[0m [1;30mINFO[0m Creating environment descriptor '/home/jacob/MTRN4231_sandwich_assembler/burger_assembler/burger_assembler/install/custom_interface/share/custom_interface/hook/cmake_prefix_path.dsv'
[1.832s] [34mcolcon.colcon_core.shell[0m [1;30mINFO[0m Creating environment hook '/home/jacob/MTRN4231_sandwich_assembler/burger_assembler/burger_assembler/install/custom_interface/share/custom_interface/hook/cmake_prefix_path.sh'
[1.833s] [34mcolcon.colcon_core.environment[0m [1;30mLevel 1[0m checking '/home/jacob/MTRN4231_sandwich_assembler/burger_assembler/burger_assembler/install/custom_interface/lib'
[1.834s] [34mcolcon.colcon_core.shell[0m [1;30mLevel 1[0m create_environment_hook('custom_interface', 'ld_library_path_lib')
[1.834s] [34mcolcon.colcon_core.shell[0m [1;30mINFO[0m Creating environment hook '/home/jacob/MTRN4231_sandwich_assembler/burger_assembler/burger_assembler/install/custom_interface/share/custom_interface/hook/ld_library_path_lib.ps1'
[1.835s] [34mcolcon.colcon_core.shell[0m [1;30mINFO[0m Creating environment descriptor '/home/jacob/MTRN4231_sandwich_assembler/burger_assembler/burger_assembler/install/custom_interface/share/custom_interface/hook/ld_library_path_lib.dsv'
[1.836s] [34mcolcon.colcon_core.shell[0m [1;30mINFO[0m Creating environment hook '/home/jacob/MTRN4231_sandwich_assembler/burger_assembler/burger_assembler/install/custom_interface/share/custom_interface/hook/ld_library_path_lib.sh'
[1.836s] [34mcolcon.colcon_core.environment[0m [1;30mLevel 1[0m checking '/home/jacob/MTRN4231_sandwich_assembler/burger_assembler/burger_assembler/install/custom_interface/bin'
[1.836s] [34mcolcon.colcon_core.environment[0m [1;30mLevel 1[0m checking '/home/jacob/MTRN4231_sandwich_assembler/burger_assembler/burger_assembler/install/custom_interface/lib/pkgconfig/custom_interface.pc'
[1.837s] [34mcolcon.colcon_core.environment[0m [1;30mLevel 1[0m checking '/home/jacob/MTRN4231_sandwich_assembler/burger_assembler/burger_assembler/install/custom_interface/lib/python3.10/site-packages'
[1.837s] [34mcolcon.colcon_core.environment[0m [1;30mLevel 1[0m checking '/home/jacob/MTRN4231_sandwich_assembler/burger_assembler/burger_assembler/install/custom_interface/bin'
[1.838s] [34mcolcon.colcon_core.shell[0m [1;30mINFO[0m Creating package script '/home/jacob/MTRN4231_sandwich_assembler/burger_assembler/burger_assembler/install/custom_interface/share/custom_interface/package.ps1'
[1.839s] [34mcolcon.colcon_core.shell[0m [1;30mINFO[0m Creating package descriptor '/home/jacob/MTRN4231_sandwich_assembler/burger_assembler/burger_assembler/install/custom_interface/share/custom_interface/package.dsv'
[1.840s] [34mcolcon.colcon_core.shell[0m [1;30mINFO[0m Creating package script '/home/jacob/MTRN4231_sandwich_assembler/burger_assembler/burger_assembler/install/custom_interface/share/custom_interface/package.sh'
[1.841s] [34mcolcon.colcon_core.shell[0m [1;30mINFO[0m Creating package script '/home/jacob/MTRN4231_sandwich_assembler/burger_assembler/burger_assembler/install/custom_interface/share/custom_interface/package.bash'
[1.841s] [34mcolcon.colcon_core.shell[0m [1;30mINFO[0m Creating package script '/home/jacob/MTRN4231_sandwich_assembler/burger_assembler/burger_assembler/install/custom_interface/share/custom_interface/package.zsh'
[1.842s] [34mcolcon.colcon_core.environment[0m [1;30mLevel 1[0m create_file_with_runtime_dependencies(/home/jacob/MTRN4231_sandwich_assembler/burger_assembler/burger_assembler/install/custom_interface/share/colcon-core/packages/custom_interface)
[1.843s] [34mcolcon.colcon_ros.task.ament_cmake.build[0m [1;30mINFO[0m Building ROS package in '/home/jacob/MTRN4231_sandwich_assembler/burger_assembler/burger_assembler/src/moveit_path_planner' with build type 'ament_cmake'
[1.843s] [34mcolcon.colcon_cmake.task.cmake.build[0m [1;30mINFO[0m Building CMake package in '/home/jacob/MTRN4231_sandwich_assembler/burger_assembler/burger_assembler/src/moveit_path_planner'
[1.844s] [34mcolcon.colcon_core.shell[0m [1;30mINFO[0m Skip shell extension 'powershell' for command environment: Not usable outside of PowerShell
[1.844s] [34mcolcon.colcon_core.shell[0m [1;30mDEBUG[0m [32mSkip shell extension 'dsv' for command environment[0m
[1.871s] [34mcolcon.colcon_core.event_handler.log_command[0m [1;30mDEBUG[0m [32mInvoking command in '/home/jacob/MTRN4231_sandwich_assembler/burger_assembler/burger_assembler/build/moveit_path_planner': AMENT_PREFIX_PATH=/home/jacob/MTRN4231_sandwich_assembler/burger_assembler/burger_assembler/install/custom_interface:${AMENT_PREFIX_PATH} CMAKE_PREFIX_PATH=/home/jacob/MTRN4231_sandwich_assembler/burger_assembler/burger_assembler/install/custom_interface:/home/jacob/MTRN4231_sandwich_assembler/lab5_workspace/install/ur_with_pizza_cutter_description:/home/jacob/MTRN4231_sandwich_assembler/lab5_workspace/install/pizza_cutter_description:/home/jacob/MTRN4231_sandwich_assembler/lab5_workspace/install/claw_description:/opt/ros/humble LD_LIBRARY_PATH=/home/jacob/MTRN4231_sandwich_assembler/burger_assembler/burger_assembler/install/custom_interface/lib:${LD_LIBRARY_PATH} PYTHONPATH=/home/jacob/MTRN4231_sandwich_assembler/burger_assembler/burger_assembler/install/custom_interface/local/lib/python3.10/dist-packages:${PYTHONPATH} /usr/bin/cmake --build /home/jacob/MTRN4231_sandwich_assembler/burger_assembler/burger_assembler/build/moveit_path_planner -- -j8 -l8[0m
[20.628s] [34mcolcon.colcon_core.event_handler.log_command[0m [1;30mDEBUG[0m [32mInvoked command in '/home/jacob/MTRN4231_sandwich_assembler/burger_assembler/burger_assembler/build/moveit_path_planner' returned '0': AMENT_PREFIX_PATH=/home/jacob/MTRN4231_sandwich_assembler/burger_assembler/burger_assembler/install/custom_interface:${AMENT_PREFIX_PATH} CMAKE_PREFIX_PATH=/home/jacob/MTRN4231_sandwich_assembler/burger_assembler/burger_assembler/install/custom_interface:/home/jacob/MTRN4231_sandwich_assembler/lab5_workspace/install/ur_with_pizza_cutter_description:/home/jacob/MTRN4231_sandwich_assembler/lab5_workspace/install/pizza_cutter_description:/home/jacob/MTRN4231_sandwich_assembler/lab5_workspace/install/claw_description:/opt/ros/humble LD_LIBRARY_PATH=/home/jacob/MTRN4231_sandwich_assembler/burger_assembler/burger_assembler/install/custom_interface/lib:${LD_LIBRARY_PATH} PYTHONPATH=/home/jacob/MTRN4231_sandwich_assembler/burger_assembler/burger_assembler/install/custom_interface/local/lib/python3.10/dist-packages:${PYTHONPATH} /usr/bin/cmake --build /home/jacob/MTRN4231_sandwich_assembler/burger_assembler/burger_assembler/build/moveit_path_planner -- -j8 -l8[0m
[20.633s] [34mcolcon.colcon_core.event_handler.log_command[0m [1;30mDEBUG[0m [32mInvoking command in '/home/jacob/MTRN4231_sandwich_assembler/burger_assembler/burger_assembler/build/moveit_path_planner': AMENT_PREFIX_PATH=/home/jacob/MTRN4231_sandwich_assembler/burger_assembler/burger_assembler/install/custom_interface:${AMENT_PREFIX_PATH} CMAKE_PREFIX_PATH=/home/jacob/MTRN4231_sandwich_assembler/burger_assembler/burger_assembler/install/custom_interface:/home/jacob/MTRN4231_sandwich_assembler/lab5_workspace/install/ur_with_pizza_cutter_description:/home/jacob/MTRN4231_sandwich_assembler/lab5_workspace/install/pizza_cutter_description:/home/jacob/MTRN4231_sandwich_assembler/lab5_workspace/install/claw_description:/opt/ros/humble LD_LIBRARY_PATH=/home/jacob/MTRN4231_sandwich_assembler/burger_assembler/burger_assembler/install/custom_interface/lib:${LD_LIBRARY_PATH} PYTHONPATH=/home/jacob/MTRN4231_sandwich_assembler/burger_assembler/burger_assembler/install/custom_interface/local/lib/python3.10/dist-packages:${PYTHONPATH} /usr/bin/cmake --install /home/jacob/MTRN4231_sandwich_assembler/burger_assembler/burger_assembler/build/moveit_path_planner[0m
[20.655s] [34mcolcon.colcon_core.environment[0m [1;30mLevel 1[0m create_environment_scripts_only(moveit_path_planner)
[20.656s] [34mcolcon.colcon_core.environment[0m [1;30mLevel 1[0m checking '/home/jacob/MTRN4231_sandwich_assembler/burger_assembler/burger_assembler/install/moveit_path_planner' for CMake module files
[20.657s] [34mcolcon.colcon_core.event_handler.log_command[0m [1;30mDEBUG[0m [32mInvoked command in '/home/jacob/MTRN4231_sandwich_assembler/burger_assembler/burger_assembler/build/moveit_path_planner' returned '0': AMENT_PREFIX_PATH=/home/jacob/MTRN4231_sandwich_assembler/burger_assembler/burger_assembler/install/custom_interface:${AMENT_PREFIX_PATH} CMAKE_PREFIX_PATH=/home/jacob/MTRN4231_sandwich_assembler/burger_assembler/burger_assembler/install/custom_interface:/home/jacob/MTRN4231_sandwich_assembler/lab5_workspace/install/ur_with_pizza_cutter_description:/home/jacob/MTRN4231_sandwich_assembler/lab5_workspace/install/pizza_cutter_description:/home/jacob/MTRN4231_sandwich_assembler/lab5_workspace/install/claw_description:/opt/ros/humble LD_LIBRARY_PATH=/home/jacob/MTRN4231_sandwich_assembler/burger_assembler/burger_assembler/install/custom_interface/lib:${LD_LIBRARY_PATH} PYTHONPATH=/home/jacob/MTRN4231_sandwich_assembler/burger_assembler/burger_assembler/install/custom_interface/local/lib/python3.10/dist-packages:${PYTHONPATH} /usr/bin/cmake --install /home/jacob/MTRN4231_sandwich_assembler/burger_assembler/burger_assembler/build/moveit_path_planner[0m
[20.658s] [34mcolcon.colcon_core.environment[0m [1;30mLevel 1[0m checking '/home/jacob/MTRN4231_sandwich_assembler/burger_assembler/burger_assembler/install/moveit_path_planner' for CMake config files
[20.659s] [34mcolcon.colcon_core.shell[0m [1;30mLevel 1[0m create_environment_hook('moveit_path_planner', 'cmake_prefix_path')
[20.660s] [34mcolcon.colcon_core.shell[0m [1;30mINFO[0m Creating environment hook '/home/jacob/MTRN4231_sandwich_assembler/burger_assembler/burger_assembler/install/moveit_path_planner/share/moveit_path_planner/hook/cmake_prefix_path.ps1'
[20.661s] [34mcolcon.colcon_core.shell[0m [1;30mINFO[0m Creating environment descriptor '/home/jacob/MTRN4231_sandwich_assembler/burger_assembler/burger_assembler/install/moveit_path_planner/share/moveit_path_planner/hook/cmake_prefix_path.dsv'
[20.661s] [34mcolcon.colcon_core.shell[0m [1;30mINFO[0m Creating environment hook '/home/jacob/MTRN4231_sandwich_assembler/burger_assembler/burger_assembler/install/moveit_path_planner/share/moveit_path_planner/hook/cmake_prefix_path.sh'
[20.662s] [34mcolcon.colcon_core.environment[0m [1;30mLevel 1[0m checking '/home/jacob/MTRN4231_sandwich_assembler/burger_assembler/burger_assembler/install/moveit_path_planner/lib'
[20.662s] [34mcolcon.colcon_core.environment[0m [1;30mLevel 1[0m checking '/home/jacob/MTRN4231_sandwich_assembler/burger_assembler/burger_assembler/install/moveit_path_planner/bin'
[20.663s] [34mcolcon.colcon_core.environment[0m [1;30mLevel 1[0m checking '/home/jacob/MTRN4231_sandwich_assembler/burger_assembler/burger_assembler/install/moveit_path_planner/lib/pkgconfig/moveit_path_planner.pc'
[20.663s] [34mcolcon.colcon_core.environment[0m [1;30mLevel 1[0m checking '/home/jacob/MTRN4231_sandwich_assembler/burger_assembler/burger_assembler/install/moveit_path_planner/lib/python3.10/site-packages'
[20.664s] [34mcolcon.colcon_core.environment[0m [1;30mLevel 1[0m checking '/home/jacob/MTRN4231_sandwich_assembler/burger_assembler/burger_assembler/install/moveit_path_planner/bin'
[20.665s] [34mcolcon.colcon_core.shell[0m [1;30mINFO[0m Creating package script '/home/jacob/MTRN4231_sandwich_assembler/burger_assembler/burger_assembler/install/moveit_path_planner/share/moveit_path_planner/package.ps1'
[20.666s] [34mcolcon.colcon_core.shell[0m [1;30mINFO[0m Creating package descriptor '/home/jacob/MTRN4231_sandwich_assembler/burger_assembler/burger_assembler/install/moveit_path_planner/share/moveit_path_planner/package.dsv'
[20.667s] [34mcolcon.colcon_core.shell[0m [1;30mINFO[0m Creating package script '/home/jacob/MTRN4231_sandwich_assembler/burger_assembler/burger_assembler/install/moveit_path_planner/share/moveit_path_planner/package.sh'
[20.668s] [34mcolcon.colcon_core.shell[0m [1;30mINFO[0m Creating package script '/home/jacob/MTRN4231_sandwich_assembler/burger_assembler/burger_assembler/install/moveit_path_planner/share/moveit_path_planner/package.bash'
[20.670s] [34mcolcon.colcon_core.shell[0m [1;30mINFO[0m Creating package script '/home/jacob/MTRN4231_sandwich_assembler/burger_assembler/burger_assembler/install/moveit_path_planner/share/moveit_path_planner/package.zsh'
[20.670s] [34mcolcon.colcon_core.environment[0m [1;30mLevel 1[0m create_file_with_runtime_dependencies(/home/jacob/MTRN4231_sandwich_assembler/burger_assembler/burger_assembler/install/moveit_path_planner/share/colcon-core/packages/moveit_path_planner)
[20.672s] [34mcolcon.colcon_core.environment[0m [1;30mLevel 1[0m create_environment_scripts_only(moveit_path_planner)
[20.672s] [34mcolcon.colcon_core.environment[0m [1;30mLevel 1[0m checking '/home/jacob/MTRN4231_sandwich_assembler/burger_assembler/burger_assembler/install/moveit_path_planner' for CMake module files
[20.673s] [34mcolcon.colcon_core.environment[0m [1;30mLevel 1[0m checking '/home/jacob/MTRN4231_sandwich_assembler/burger_assembler/burger_assembler/install/moveit_path_planner' for CMake config files
[20.674s] [34mcolcon.colcon_core.shell[0m [1;30mLevel 1[0m create_environment_hook('moveit_path_planner', 'cmake_prefix_path')
[20.674s] [34mcolcon.colcon_core.shell[0m [1;30mINFO[0m Creating environment hook '/home/jacob/MTRN4231_sandwich_assembler/burger_assembler/burger_assembler/install/moveit_path_planner/share/moveit_path_planner/hook/cmake_prefix_path.ps1'
[20.675s] [34mcolcon.colcon_core.shell[0m [1;30mINFO[0m Creating environment descriptor '/home/jacob/MTRN4231_sandwich_assembler/burger_assembler/burger_assembler/install/moveit_path_planner/share/moveit_path_planner/hook/cmake_prefix_path.dsv'
[20.676s] [34mcolcon.colcon_core.shell[0m [1;30mINFO[0m Creating environment hook '/home/jacob/MTRN4231_sandwich_assembler/burger_assembler/burger_assembler/install/moveit_path_planner/share/moveit_path_planner/hook/cmake_prefix_path.sh'
[20.677s] [34mcolcon.colcon_core.environment[0m [1;30mLevel 1[0m checking '/home/jacob/MTRN4231_sandwich_assembler/burger_assembler/burger_assembler/install/moveit_path_planner/lib'
[20.677s] [34mcolcon.colcon_core.environment[0m [1;30mLevel 1[0m checking '/home/jacob/MTRN4231_sandwich_assembler/burger_assembler/burger_assembler/install/moveit_path_planner/bin'
[20.677s] [34mcolcon.colcon_core.environment[0m [1;30mLevel 1[0m checking '/home/jacob/MTRN4231_sandwich_assembler/burger_assembler/burger_assembler/install/moveit_path_planner/lib/pkgconfig/moveit_path_planner.pc'
[20.678s] [34mcolcon.colcon_core.environment[0m [1;30mLevel 1[0m checking '/home/jacob/MTRN4231_sandwich_assembler/burger_assembler/burger_assembler/install/moveit_path_planner/lib/python3.10/site-packages'
[20.678s] [34mcolcon.colcon_core.environment[0m [1;30mLevel 1[0m checking '/home/jacob/MTRN4231_sandwich_assembler/burger_assembler/burger_assembler/install/moveit_path_planner/bin'
[20.678s] [34mcolcon.colcon_core.shell[0m [1;30mINFO[0m Creating package script '/home/jacob/MTRN4231_sandwich_assembler/burger_assembler/burger_assembler/install/moveit_path_planner/share/moveit_path_planner/package.ps1'
[20.679s] [34mcolcon.colcon_core.shell[0m [1;30mINFO[0m Creating package descriptor '/home/jacob/MTRN4231_sandwich_assembler/burger_assembler/burger_assembler/install/moveit_path_planner/share/moveit_path_planner/package.dsv'
[20.680s] [34mcolcon.colcon_core.shell[0m [1;30mINFO[0m Creating package script '/home/jacob/MTRN4231_sandwich_assembler/burger_assembler/burger_assembler/install/moveit_path_planner/share/moveit_path_planner/package.sh'
[20.681s] [34mcolcon.colcon_core.shell[0m [1;30mINFO[0m Creating package script '/home/jacob/MTRN4231_sandwich_assembler/burger_assembler/burger_assembler/install/moveit_path_planner/share/moveit_path_planner/package.bash'
[20.681s] [34mcolcon.colcon_core.shell[0m [1;30mINFO[0m Creating package script '/home/jacob/MTRN4231_sandwich_assembler/burger_assembler/burger_assembler/install/moveit_path_planner/share/moveit_path_planner/package.zsh'
[20.682s] [34mcolcon.colcon_core.environment[0m [1;30mLevel 1[0m create_file_with_runtime_dependencies(/home/jacob/MTRN4231_sandwich_assembler/burger_assembler/burger_assembler/install/moveit_path_planner/share/colcon-core/packages/moveit_path_planner)
[20.683s] [34mcolcon.colcon_parallel_executor.executor.parallel[0m [1;30mDEBUG[0m [32mclosing loop[0m
[20.683s] [34mcolcon.colcon_parallel_executor.executor.parallel[0m [1;30mDEBUG[0m [32mloop closed[0m
[20.684s] [34mcolcon.colcon_parallel_executor.executor.parallel[0m [1;30mDEBUG[0m [32mrun_until_complete finished with '0'[0m
[20.684s] [34mcolcon.colcon_core.event_reactor[0m [1;30mDEBUG[0m [32mjoining thread[0m
[20.694s] [34mcolcon.colcon_core.plugin_system[0m [1;30mINFO[0m Skipping extension 'colcon_notification.desktop_notification.terminal_notifier': Not used on non-Darwin systems
[20.694s] [34mcolcon.colcon_core.plugin_system[0m [1;30mINFO[0m Skipping extension 'colcon_notification.desktop_notification.win32': Not used on non-Windows systems
[20.694s] [34mcolcon.colcon_notification.desktop_notification[0m [1;30mINFO[0m Sending desktop notification using 'notify2'
[20.721s] [34mcolcon.colcon_core.event_reactor[0m [1;30mDEBUG[0m [32mjoined thread[0m
[20.722s] [34mcolcon.colcon_core.shell[0m [1;30mINFO[0m Creating prefix script '/home/jacob/MTRN4231_sandwich_assembler/burger_assembler/burger_assembler/install/local_setup.ps1'
[20.723s] [34mcolcon.colcon_core.shell[0m [1;30mINFO[0m Creating prefix util module '/home/jacob/MTRN4231_sandwich_assembler/burger_assembler/burger_assembler/install/_local_setup_util_ps1.py'
[20.727s] [34mcolcon.colcon_core.shell[0m [1;30mINFO[0m Creating prefix chain script '/home/jacob/MTRN4231_sandwich_assembler/burger_assembler/burger_assembler/install/setup.ps1'
[20.730s] [34mcolcon.colcon_core.shell[0m [1;30mINFO[0m Creating prefix script '/home/jacob/MTRN4231_sandwich_assembler/burger_assembler/burger_assembler/install/local_setup.sh'
[20.732s] [34mcolcon.colcon_core.shell[0m [1;30mINFO[0m Creating prefix util module '/home/jacob/MTRN4231_sandwich_assembler/burger_assembler/burger_assembler/install/_local_setup_util_sh.py'
[20.733s] [34mcolcon.colcon_core.shell[0m [1;30mINFO[0m Creating prefix chain script '/home/jacob/MTRN4231_sandwich_assembler/burger_assembler/burger_assembler/install/setup.sh'
[20.737s] [34mcolcon.colcon_core.shell[0m [1;30mINFO[0m Creating prefix script '/home/jacob/MTRN4231_sandwich_assembler/burger_assembler/burger_assembler/install/local_setup.bash'
[20.738s] [34mcolcon.colcon_core.shell[0m [1;30mINFO[0m Creating prefix chain script '/home/jacob/MTRN4231_sandwich_assembler/burger_assembler/burger_assembler/install/setup.bash'
[20.742s] [34mcolcon.colcon_core.shell[0m [1;30mINFO[0m Creating prefix script '/home/jacob/MTRN4231_sandwich_assembler/burger_assembler/burger_assembler/install/local_setup.zsh'
[20.743s] [34mcolcon.colcon_core.shell[0m [1;30mINFO[0m Creating prefix chain script '/home/jacob/MTRN4231_sandwich_assembler/burger_assembler/burger_assembler/install/setup.zsh'
